\BOOKMARK [1][-]{section.1}{\376\377\000F\000u\000n\000k\000t\000i\000o\000n\000e\000n\000\040\000m\000i\000t\000\040\000m\000e\000h\000r\000e\000r\000e\000n\000\040\000V\000a\000r\000i\000a\000b\000l\000e\000n}{}% 1
\BOOKMARK [2][-]{subsection.1.1}{\376\377\000P\000a\000r\000t\000i\000e\000l\000l\000e\000\040\000A\000b\000l\000e\000i\000t\000u\000n\000g\000e\000n}{section.1}% 2
\BOOKMARK [2][-]{subsection.1.2}{\376\377\000L\000i\000n\000e\000a\000r\000i\000s\000i\000e\000r\000u\000n\000g\000\040\000v\000o\000n\000\040\000F\000u\000n\000k\000t\000i\000o\000n\000e\000n}{section.1}% 3
\BOOKMARK [2][-]{subsection.1.3}{\376\377\000D\000a\000s\000\040\000N\000e\000w\000t\000o\000n\000-\000V\000e\000r\000f\000a\000h\000r\000e\000n\000\040\000f\000\374\000r\000\040\000S\000y\000s\000t\000e\000m\000e}{section.1}% 4
\BOOKMARK [3][-]{subsubsection.1.3.1}{\376\377\000V\000e\000r\000e\000i\000n\000f\000a\000c\000h\000t\000e\000s\000\040\000N\000e\000w\000t\000o\000n\000-\000V\000e\000r\000f\000a\000h\000r\000e\000n}{subsection.1.3}% 5
\BOOKMARK [3][-]{subsubsection.1.3.2}{\376\377\000G\000e\000d\000\344\000m\000p\000f\000t\000e\000s\000\040\000N\000e\000w\000t\000o\000n\000-\000V\000e\000r\000f\000a\000h\000r\000e\000n}{subsection.1.3}% 6
\BOOKMARK [1][-]{section.2}{\376\377\000A\000u\000s\000g\000l\000e\000i\000c\000h\000s\000r\000e\000c\000h\000n\000u\000n\000g}{}% 7
\BOOKMARK [2][-]{subsection.2.1}{\376\377\000A\000u\000s\000g\000l\000e\000i\000c\000h\000s\000r\000e\000c\000h\000n\000u\000n\000g}{section.2}% 8
\BOOKMARK [3][-]{subsubsection.2.1.1}{\376\377\000P\000o\000l\000y\000n\000o\000m\000i\000n\000t\000e\000r\000p\000o\000l\000a\000t\000i\000o\000n}{subsection.2.1}% 9
\BOOKMARK [3][-]{subsubsection.2.1.2}{\376\377\000S\000p\000l\000i\000n\000e\000-\000I\000n\000t\000e\000r\000p\000o\000l\000a\000t\000i\000o\000n}{subsection.2.1}% 10
\BOOKMARK [3][-]{subsubsection.2.1.3}{\376\377\000L\000i\000n\000e\000a\000r\000e\000\040\000A\000u\000s\000g\000l\000e\000i\000c\000h\000s\000p\000r\000o\000b\000l\000e\000m\000e}{subsection.2.1}% 11
\BOOKMARK [3][-]{subsubsection.2.1.4}{\376\377\000N\000i\000c\000h\000t\000l\000i\000n\000e\000a\000r\000e\000\040\000A\000u\000s\000g\000l\000e\000i\000c\000h\000p\000r\000o\000b\000l\000e\000m\000e}{subsection.2.1}% 12
\BOOKMARK [3][-]{subsubsection.2.1.5}{\376\377\000D\000a\000s\000\040\000G\000a\000u\000s\000s\000-\000N\000e\000w\000t\000o\000n\000\040\000V\000e\000r\000f\000a\000h\000r\000e\000n}{subsection.2.1}% 13
\BOOKMARK [1][-]{section.3}{\376\377\000N\000u\000m\000e\000r\000i\000s\000c\000h\000e\000\040\000I\000n\000t\000e\000g\000r\000a\000t\000i\000o\000n}{}% 14
\BOOKMARK [2][-]{subsection.3.1}{\376\377\000R\000e\000c\000h\000t\000e\000c\000k\000-\000\040\000u\000n\000d\000\040\000T\000r\000a\000p\000e\000z\000r\000e\000g\000e\000l}{section.3}% 15
\BOOKMARK [3][-]{subsubsection.3.1.1}{\376\377\000S\000u\000m\000m\000i\000e\000r\000t\000e\000\040\000R\000e\000c\000h\000k\000t\000e\000c\000k\000r\000e\000g\000l\000e\000\040\000/\000\040\000s\000u\000m\000m\000i\000e\000r\000t\000e\000\040\000T\000r\000a\000p\000e\000z\000r\000e\000g\000e\000l}{subsection.3.1}% 16
\BOOKMARK [2][-]{subsection.3.2}{\376\377\000S\000i\000m\000p\000s\000o\000n\000r\000e\000g\000e\000l}{section.3}% 17
\BOOKMARK [3][-]{subsubsection.3.2.1}{\376\377\000S\000u\000m\000m\000i\000e\000r\000t\000e\000\040\000S\000i\000m\000p\000s\000o\000n\000r\000e\000g\000e\000l}{subsection.3.2}% 18
\BOOKMARK [2][-]{subsection.3.3}{\376\377\000F\000e\000h\000l\000e\000r\000\040\000d\000e\000r\000\040\000s\000u\000m\000m\000i\000e\000r\000t\000e\000n\000\040\000Q\000u\000a\000d\000r\000a\000t\000u\000r\000f\000o\000r\000m\000e\000l\000n}{section.3}% 19
\BOOKMARK [2][-]{subsection.3.4}{\376\377\000G\000a\000u\000s\000s\000-\000F\000o\000r\000m\000e\000l\000n}{section.3}% 20
\BOOKMARK [2][-]{subsection.3.5}{\376\377\000R\000o\000m\000b\000e\000r\000g\000-\000E\000x\000t\000r\000a\000p\000o\000l\000a\000t\000i\000o\000n}{section.3}% 21
\BOOKMARK [1][-]{section.4}{\376\377\000E\000i\000n\000f\000\374\000h\000r\000u\000n\000g\000\040\000i\000n\000\040\000g\000e\000w\000\366\000h\000n\000l\000i\000c\000h\000e\000\040\000D\000i\000f\000f\000e\000r\000e\000n\000t\000i\000a\000l\000g\000l\000e\000i\000c\000h\000u\000n\000g\000e\000n}{}% 22
