\BOOKMARK [2][-]{subsection.0.1}{\376\377\000O\000b\000j\000e\000k\000t\000o\000r\000i\000e\000n\000t\000i\000e\000r\000u\000n\000g}{}% 1
\BOOKMARK [3][-]{subsubsection.0.1.1}{\376\377\000U\000s\000e\000\040\000C\000a\000s\000e\000s\000\040\000u\000n\000d\000\040\000S\000y\000s\000t\000e\000m\000-\000S\000e\000q\000u\000e\000n\000z\000d\000i\000a\000g\000r\000a\000m\000m}{subsection.0.1}% 2
\BOOKMARK [3][-]{subsubsection.0.1.2}{\376\377\000K\000l\000a\000s\000s\000e\000n\000\040\000e\000n\000t\000w\000e\000r\000f\000e\000n\000:\000\040}{subsection.0.1}% 3
\BOOKMARK [2][-]{subsection.0.2}{\376\377\000U\000M\000L\000-\000D\000i\000a\000g\000r\000a\000m\000m\000e\000\040\000f\000\374\000r\000\040\000d\000a\000s\000\040\000D\000e\000s\000i\000g\000n}{}% 4
\BOOKMARK [3][-]{subsubsection.0.2.1}{\376\377\000G\000r\000u\000n\000d\000e\000l\000e\000m\000e\000n\000t\000e\000\040\000d\000e\000r\000\040\000U\000M\000L}{subsection.0.2}% 5
\BOOKMARK [3][-]{subsubsection.0.2.2}{\376\377\000U\000M\000L\000-\000K\000l\000a\000s\000s\000e\000n\000d\000i\000a\000g\000r\000a\000m\000m}{subsection.0.2}% 6
\BOOKMARK [3][-]{subsubsection.0.2.3}{\376\377\000U\000M\000L\000-\000I\000n\000t\000e\000r\000a\000k\000t\000i\000o\000n\000s\000d\000i\000a\000g\000r\000a\000m\000m\000e}{subsection.0.2}% 7
\BOOKMARK [3][-]{subsubsection.0.2.4}{\376\377\000U\000M\000L\000-\000K\000o\000m\000m\000u\000n\000i\000k\000a\000t\000i\000o\000n\000s\000d\000i\000a\000g\000r\000a\000m\000m}{subsection.0.2}% 8
\BOOKMARK [3][-]{subsubsection.0.2.5}{\376\377\000U\000M\000L\000-\000Z\000u\000s\000t\000a\000n\000d\000s\000d\000i\000a\000g\000r\000a\000m\000m}{subsection.0.2}% 9
\BOOKMARK [3][-]{subsubsection.0.2.6}{\376\377\000U\000M\000L\000-\000A\000k\000t\000i\000v\000i\000t\000\344\000t\000s\000d\000i\000a\000g\000r\000a\000m\000m}{subsection.0.2}% 10
\BOOKMARK [2][-]{subsection.0.3}{\376\377\000V\000e\000r\000a\000n\000t\000w\000o\000r\000t\000l\000i\000c\000h\000k\000e\000i\000t\000e\000n\000\040\000u\000n\000d\000\040\000R\000e\000s\000p\000o\000n\000s\000i\000b\000i\000l\000i\000t\000y\000-\000D\000r\000i\000v\000e\000n\000-\000D\000e\000s\000i\000g\000n}{}% 11
\BOOKMARK [3][-]{subsubsection.0.3.1}{\376\377\000G\000R\000A\000S\000P\000-\000\040\0009\000\040\000P\000a\000t\000t\000e\000r\000n\000s}{subsection.0.3}% 12
\BOOKMARK [3][-]{subsubsection.0.3.2}{\376\377\000I\000n\000f\000o\000r\000m\000a\000t\000i\000o\000n\000\040\000E\000x\000p\000e\000r\000t}{subsection.0.3}% 13
\BOOKMARK [3][-]{subsubsection.0.3.3}{\376\377\000C\000r\000e\000a\000t\000o\000r}{subsection.0.3}% 14
\BOOKMARK [3][-]{subsubsection.0.3.4}{\376\377\000C\000o\000n\000t\000r\000o\000l\000l\000e\000r}{subsection.0.3}% 15
\BOOKMARK [3][-]{subsubsection.0.3.5}{\376\377\000L\000o\000w\000\040\000C\000o\000u\000p\000l\000i\000n\000g}{subsection.0.3}% 16
\BOOKMARK [3][-]{subsubsection.0.3.6}{\376\377\000H\000i\000g\000h\000\040\000C\000o\000h\000e\000s\000i\000o\000n}{subsection.0.3}% 17
\BOOKMARK [3][-]{subsubsection.0.3.7}{\376\377\000P\000o\000l\000y\000m\000o\000r\000p\000h\000i\000s\000m\000u\000s}{subsection.0.3}% 18
\BOOKMARK [3][-]{subsubsection.0.3.8}{\376\377\000P\000u\000r\000e\000\040\000F\000a\000b\000r\000i\000c\000a\000t\000i\000o\000n}{subsection.0.3}% 19
\BOOKMARK [3][-]{subsubsection.0.3.9}{\376\377\000I\000n\000d\000i\000r\000e\000c\000t\000i\000o\000n}{subsection.0.3}% 20
\BOOKMARK [3][-]{subsubsection.0.3.10}{\376\377\000P\000r\000o\000t\000e\000c\000t\000e\000d\000\040\000V\000a\000r\000i\000a\000t\000i\000o\000n\000s}{subsection.0.3}% 21
