\BOOKMARK [1][-]{section.1}{\376\377\000G\000r\000u\000n\000d\000p\000r\000i\000n\000z\000i\000p\000i\000e\000n\000\040\000d\000e\000r\000\040\000B\000e\000t\000r\000i\000e\000b\000s\000w\000i\000r\000t\000s\000c\000h\000a\000f\000t}{}% 1
\BOOKMARK [2][-]{subsection.1.1}{\376\377\000G\000\374\000t\000e\000r\000e\000i\000n\000t\000e\000i\000l\000u\000n\000g}{section.1}% 2
\BOOKMARK [2][-]{subsection.1.2}{\376\377\000M\000a\000r\000k\000t}{section.1}% 3
\BOOKMARK [2][-]{subsection.1.3}{\376\377\000D\000r\000e\000i\000f\000a\000c\000h\000e\000\040\000U\000n\000t\000e\000r\000n\000e\000h\000m\000e\000n\000s\000v\000e\000r\000a\000n\000t\000w\000o\000r\000t\000u\000n\000g}{section.1}% 4
\BOOKMARK [2][-]{subsection.1.4}{\376\377\000S\000t\000.\000\040\000G\000a\000l\000l\000e\000r\000\040\000M\000a\000n\000a\000g\000e\000m\000e\000n\000t\000m\000o\000d\000e\000l\000l}{section.1}% 5
\BOOKMARK [3][-]{subsubsection.1.4.1}{\376\377\000U\000m\000w\000e\000l\000t\000s\000p\000h\000\344\000r\000e\000n}{subsection.1.4}% 6
\BOOKMARK [3][-]{subsubsection.1.4.2}{\376\377\000A\000n\000s\000p\000r\000u\000c\000h\000s\000g\000r\000u\000p\000p\000e\000n\000\040\000/\000\040\000S\000t\000a\000k\000e\000h\000o\000l\000d\000e\000r}{subsection.1.4}% 7
\BOOKMARK [3][-]{subsubsection.1.4.3}{\376\377\000I\000n\000t\000e\000r\000a\000k\000t\000i\000o\000n\000s\000t\000h\000e\000m\000e\000n}{subsection.1.4}% 8
\BOOKMARK [1][-]{section.2}{\376\377\000S\000t\000r\000a\000t\000e\000g\000i\000e}{}% 9
\BOOKMARK [2][-]{subsection.2.1}{\376\377\000S\000t\000r\000a\000t\000e\000g\000i\000e\000f\000i\000n\000d\000u\000n\000g\000s\000p\000r\000o\000z\000e\000s\000s}{section.2}% 10
\BOOKMARK [2][-]{subsection.2.2}{\376\377\000D\000i\000e\000\040\000s\000t\000r\000a\000t\000e\000g\000i\000s\000c\000h\000e\000\040\000A\000n\000a\000l\000y\000s\000e}{section.2}% 11
\BOOKMARK [3][-]{subsubsection.2.2.1}{\376\377\000S\000W\000O\000T\000-\000A\000n\000a\000l\000y\000s\000e\000:}{subsection.2.2}% 12
\BOOKMARK [3][-]{subsubsection.2.2.2}{\376\377\000P\000E\000S\000T\000E\000L\000-\000A\000n\000a\000l\000y\000s\000e}{subsection.2.2}% 13
\BOOKMARK [3][-]{subsubsection.2.2.3}{\376\377\0005\000\040\000K\000r\000\344\000f\000t\000e\000\040\000M\000o\000d\000e\000l\000l\000\040\000v\000o\000n\000\040\000P\000o\000r\000t\000e\000r}{subsection.2.2}% 14
\BOOKMARK [2][-]{subsection.2.3}{\376\377\000D\000i\000e\000\040\000S\000t\000r\000a\000t\000e\000g\000i\000s\000c\000h\000e\000\040\000P\000l\000a\000n\000u\000n\000g}{section.2}% 15
\BOOKMARK [1][-]{section.3}{\376\377\000M\000a\000r\000k\000e\000t\000i\000n\000g\000\040\000I}{}% 16
\BOOKMARK [2][-]{subsection.3.1}{\376\377\000M\000a\000r\000k\000t\000a\000n\000a\000l\000y\000s\000e}{section.3}% 17
\BOOKMARK [3][-]{subsubsection.3.1.1}{\376\377\000E\000r\000h\000e\000b\000u\000n\000g\000s\000m\000e\000t\000h\000o\000d\000e\000n}{subsection.3.1}% 18
\BOOKMARK [3][-]{subsubsection.3.1.2}{\376\377\000M\000a\000r\000k\000t\000g\000r\000\366\000s\000s\000e\000n}{subsection.3.1}% 19
\BOOKMARK [2][-]{subsection.3.2}{\376\377\000M\000a\000r\000k\000e\000t\000i\000n\000g\000\040\0004\000P\000-\000M\000i\000x}{section.3}% 20
\BOOKMARK [3][-]{subsubsection.3.2.1}{\376\377\000P\000r\000o\000d\000u\000k\000t\000g\000e\000s\000t\000a\000l\000t\000u\000n\000g}{subsection.3.2}% 21
\BOOKMARK [3][-]{subsubsection.3.2.2}{\376\377\000P\000r\000e\000i\000s\000s\000t\000r\000a\000t\000e\000g\000i\000e}{subsection.3.2}% 22
