This is pdfTeX, Version 3.141592653-2.6-1.40.23 (MiKTeX 21.8) (preloaded format=pdflatex 2021.11.11)  10 MAR 2022 23:12
entering extended mode
**./ZF_Wing.tex
(ZF_Wing.tex
LaTeX2e <2021-06-01> patch level 1
L3 programming layer <2021-08-27>
(C:\Users\Asha\AppData\Local\Programs\MiKTeX\tex/latex/base\article.cls
Document Class: article 2021/02/12 v1.4n Standard LaTeX document class
(C:\Users\Asha\AppData\Local\Programs\MiKTeX\tex/latex/base\size10.clo
File: size10.clo 2021/02/12 v1.4n Standard LaTeX file (size option)
)
\c@part=\count182
\c@section=\count183
\c@subsection=\count184
\c@subsubsection=\count185
\c@paragraph=\count186
\c@subparagraph=\count187
\c@figure=\count188
\c@table=\count189
\abovecaptionskip=\skip47
\belowcaptionskip=\skip48
\bibindent=\dimen138
)
(C:\Users\Asha\AppData\Local\Programs\MiKTeX\tex/generic/babel\babel.sty
Package: babel 2021/07/22 3.63 The Babel package

(C:\Users\Asha\AppData\Local\Programs\MiKTeX\tex/generic/babel\babel.def
File: babel.def 2021/07/22 3.63 Babel common definitions
\babel@savecnt=\count190
\U@D=\dimen139
\l@unhyphenated=\language79

(C:\Users\Asha\AppData\Local\Programs\MiKTeX\tex/generic/babel\txtbabel.def)
\bbl@readstream=\read2
)
\bbl@dirlevel=\count191

*************************************
* Local config file bblopts.cfg used
*
(C:\Users\Asha\AppData\Local\Programs\MiKTeX\tex/latex/arabi\bblopts.cfg
File: bblopts.cfg 2005/09/08 v0.1 add Arabic and Farsi to "declared" options of
 babel
)
(C:\Users\Asha\AppData\Local\Programs\MiKTeX\tex/latex/babel-german\german.ldf
Language: german 2021/02/27 v2.13 German support for babel (pre-1996 orthograph
y)

(C:\Users\Asha\AppData\Local\Programs\MiKTeX\tex/latex/babel-german\germanb.ldf
Language: germanb 2021/02/27 v2.13 German support for babel (pre-1996 orthograp
hy)
Package babel Info: Making " an active character on input line 139.
)))
(C:\Users\Asha\AppData\Local\Programs\MiKTeX\tex/latex/geometry\geometry.sty
Package: geometry 2020/01/02 v5.9 Page Geometry

(C:\Users\Asha\AppData\Local\Programs\MiKTeX\tex/latex/graphics\keyval.sty
Package: keyval 2014/10/28 v1.15 key=value parser (DPC)
\KV@toks@=\toks16
)
(C:\Users\Asha\AppData\Local\Programs\MiKTeX\tex/generic/iftex\ifvtex.sty
Package: ifvtex 2019/10/25 v1.7 ifvtex legacy package. Use iftex instead.

(C:\Users\Asha\AppData\Local\Programs\MiKTeX\tex/generic/iftex\iftex.sty
Package: iftex 2020/03/06 v1.0d TeX engine tests
))
\Gm@cnth=\count192
\Gm@cntv=\count193
\c@Gm@tempcnt=\count194
\Gm@bindingoffset=\dimen140
\Gm@wd@mp=\dimen141
\Gm@odd@mp=\dimen142
\Gm@even@mp=\dimen143
\Gm@layoutwidth=\dimen144
\Gm@layoutheight=\dimen145
\Gm@layouthoffset=\dimen146
\Gm@layoutvoffset=\dimen147
\Gm@dimlist=\toks17

(C:\Users\Asha\AppData\Local\Programs\MiKTeX\tex/latex/geometry\geometry.cfg))
(C:\Users\Asha\AppData\Local\Programs\MiKTeX\tex/latex/amsmath\amsmath.sty
Package: amsmath 2021/04/20 v2.17j AMS math features
\@mathmargin=\skip49

For additional information on amsmath, use the `?' option.
(C:\Users\Asha\AppData\Local\Programs\MiKTeX\tex/latex/amsmath\amstext.sty
Package: amstext 2000/06/29 v2.01 AMS text

(C:\Users\Asha\AppData\Local\Programs\MiKTeX\tex/latex/amsmath\amsgen.sty
File: amsgen.sty 1999/11/30 v2.0 generic functions
\@emptytoks=\toks18
\ex@=\dimen148
))
(C:\Users\Asha\AppData\Local\Programs\MiKTeX\tex/latex/amsmath\amsbsy.sty
Package: amsbsy 1999/11/29 v1.2d Bold Symbols
\pmbraise@=\dimen149
)
(C:\Users\Asha\AppData\Local\Programs\MiKTeX\tex/latex/amsmath\amsopn.sty
Package: amsopn 2016/03/08 v2.02 operator names
)
\inf@bad=\count195
LaTeX Info: Redefining \frac on input line 234.
\uproot@=\count196
\leftroot@=\count197
LaTeX Info: Redefining \overline on input line 399.
\classnum@=\count198
\DOTSCASE@=\count199
LaTeX Info: Redefining \ldots on input line 496.
LaTeX Info: Redefining \dots on input line 499.
LaTeX Info: Redefining \cdots on input line 620.
\Mathstrutbox@=\box50
\strutbox@=\box51
\big@size=\dimen150
LaTeX Font Info:    Redeclaring font encoding OML on input line 743.
LaTeX Font Info:    Redeclaring font encoding OMS on input line 744.
\macc@depth=\count266
\c@MaxMatrixCols=\count267
\dotsspace@=\muskip16
\c@parentequation=\count268
\dspbrk@lvl=\count269
\tag@help=\toks19
\row@=\count270
\column@=\count271
\maxfields@=\count272
\andhelp@=\toks20
\eqnshift@=\dimen151
\alignsep@=\dimen152
\tagshift@=\dimen153
\tagwidth@=\dimen154
\totwidth@=\dimen155
\lineht@=\dimen156
\@envbody=\toks21
\multlinegap=\skip50
\multlinetaggap=\skip51
\mathdisplay@stack=\toks22
LaTeX Info: Redefining \[ on input line 2923.
LaTeX Info: Redefining \] on input line 2924.
)
(C:\Users\Asha\AppData\Local\Programs\MiKTeX\tex/latex/graphics\graphicx.sty
Package: graphicx 2020/12/05 v1.2c Enhanced LaTeX Graphics (DPC,SPQR)

(C:\Users\Asha\AppData\Local\Programs\MiKTeX\tex/latex/graphics\graphics.sty
Package: graphics 2021/03/04 v1.4d Standard LaTeX Graphics (DPC,SPQR)

(C:\Users\Asha\AppData\Local\Programs\MiKTeX\tex/latex/graphics\trig.sty
Package: trig 2016/01/03 v1.10 sin cos tan (DPC)
)
(C:\Users\Asha\AppData\Local\Programs\MiKTeX\tex/latex/graphics-cfg\graphics.cf
g
File: graphics.cfg 2016/06/04 v1.11 sample graphics configuration
)
Package graphics Info: Driver file: pdftex.def on input line 107.

(C:\Users\Asha\AppData\Local\Programs\MiKTeX\tex/latex/graphics-def\pdftex.def
File: pdftex.def 2020/10/05 v1.2a Graphics/color driver for pdftex
))
\Gin@req@height=\dimen157
\Gin@req@width=\dimen158
) (C:\Users\Asha\AppData\Local\Programs\MiKTeX\tex/latex/hyperref\hyperref.sty
Package: hyperref 2021-06-07 v7.00m Hypertext links for LaTeX
(C:\Users\Asha\AppData\Local\Programs\MiKTeX\tex/generic/ltxcmds\ltxcmds.sty
Package: ltxcmds 2020-05-10 v1.25 LaTeX kernel commands for general use (HO)
)
(C:\Users\Asha\AppData\Local\Programs\MiKTeX\tex/generic/pdftexcmds\pdftexcmds.
sty
Package: pdftexcmds 2020-06-27 v0.33 Utility functions of pdfTeX for LuaTeX (HO
)

(C:\Users\Asha\AppData\Local\Programs\MiKTeX\tex/generic/infwarerr\infwarerr.st
y
Package: infwarerr 2019/12/03 v1.5 Providing info/warning/error messages (HO)
)
Package pdftexcmds Info: \pdf@primitive is available.
Package pdftexcmds Info: \pdf@ifprimitive is available.
Package pdftexcmds Info: \pdfdraftmode found.
)
(C:\Users\Asha\AppData\Local\Programs\MiKTeX\tex/generic/kvsetkeys\kvsetkeys.st
y
Package: kvsetkeys 2019/12/15 v1.18 Key value parser (HO)
)
(C:\Users\Asha\AppData\Local\Programs\MiKTeX\tex/generic/kvdefinekeys\kvdefinek
eys.sty
Package: kvdefinekeys 2019-12-19 v1.6 Define keys (HO)
)
(C:\Users\Asha\AppData\Local\Programs\MiKTeX\tex/generic/pdfescape\pdfescape.st
y
Package: pdfescape 2019/12/09 v1.15 Implements pdfTeX's escape features (HO)
) (C:\Users\Asha\AppData\Local\Programs\MiKTeX\tex/latex/hycolor\hycolor.sty
Package: hycolor 2020-01-27 v1.10 Color options for hyperref/bookmark (HO)
)
(C:\Users\Asha\AppData\Local\Programs\MiKTeX\tex/latex/letltxmacro\letltxmacro.
sty
Package: letltxmacro 2019/12/03 v1.6 Let assignment for LaTeX macros (HO)
) (C:\Users\Asha\AppData\Local\Programs\MiKTeX\tex/latex/auxhook\auxhook.sty
Package: auxhook 2019-12-17 v1.6 Hooks for auxiliary files (HO)
)
(C:\Users\Asha\AppData\Local\Programs\MiKTeX\tex/latex/kvoptions\kvoptions.sty
Package: kvoptions 2020-10-07 v3.14 Key value format for package options (HO)
)
\@linkdim=\dimen159
\Hy@linkcounter=\count273
\Hy@pagecounter=\count274
(C:\Users\Asha\AppData\Local\Programs\MiKTeX\tex/latex/hyperref\pd1enc.def
File: pd1enc.def 2021-06-07 v7.00m Hyperref: PDFDocEncoding definition (HO)
Now handling font encoding PD1 ...
... no UTF-8 mapping file for font encoding PD1
)
(C:\Users\Asha\AppData\Local\Programs\MiKTeX\tex/latex/hyperref\hyperref-langpa
tches.def
File: hyperref-langpatches.def 2021-06-07 v7.00m Hyperref: patches for babel la
nguages
)
(C:\Users\Asha\AppData\Local\Programs\MiKTeX\tex/generic/intcalc\intcalc.sty
Package: intcalc 2019/12/15 v1.3 Expandable calculations with integers (HO)
)
(C:\Users\Asha\AppData\Local\Programs\MiKTeX\tex/generic/etexcmds\etexcmds.sty
Package: etexcmds 2019/12/15 v1.7 Avoid name clashes with e-TeX commands (HO)
)
\Hy@SavedSpaceFactor=\count275
(C:\Users\Asha\AppData\Local\Programs\MiKTeX\tex/latex/hyperref\puenc.def
File: puenc.def 2021-06-07 v7.00m Hyperref: PDF Unicode definition (HO)
Now handling font encoding PU ...
... no UTF-8 mapping file for font encoding PU
)
Package hyperref Info: Option `colorlinks' set `true' on input line 4073.
Package hyperref Info: Hyper figures OFF on input line 4192.
Package hyperref Info: Link nesting OFF on input line 4197.
Package hyperref Info: Hyper index ON on input line 4200.
Package hyperref Info: Plain pages OFF on input line 4207.
Package hyperref Info: Backreferencing OFF on input line 4212.
Package hyperref Info: Implicit mode ON; LaTeX internals redefined.
Package hyperref Info: Bookmarks ON on input line 4445.
\c@Hy@tempcnt=\count276

(C:\Users\Asha\AppData\Local\Programs\MiKTeX\tex/latex/url\url.sty
\Urlmuskip=\muskip17
Package: url 2013/09/16  ver 3.4  Verb mode for urls, etc.
)
LaTeX Info: Redefining \url on input line 4804.
\XeTeXLinkMargin=\dimen160

(C:\Users\Asha\AppData\Local\Programs\MiKTeX\tex/generic/bitset\bitset.sty
Package: bitset 2019/12/09 v1.3 Handle bit-vector datatype (HO)

(C:\Users\Asha\AppData\Local\Programs\MiKTeX\tex/generic/bigintcalc\bigintcalc.
sty
Package: bigintcalc 2019/12/15 v1.5 Expandable calculations on big integers (HO
)
))
\Fld@menulength=\count277
\Field@Width=\dimen161
\Fld@charsize=\dimen162
Package hyperref Info: Hyper figures OFF on input line 6076.
Package hyperref Info: Link nesting OFF on input line 6081.
Package hyperref Info: Hyper index ON on input line 6084.
Package hyperref Info: backreferencing OFF on input line 6091.
Package hyperref Info: Link coloring ON on input line 6094.
Package hyperref Info: Link coloring with OCG OFF on input line 6101.
Package hyperref Info: PDF/A mode OFF on input line 6106.
LaTeX Info: Redefining \ref on input line 6146.
LaTeX Info: Redefining \pageref on input line 6150.

(C:\Users\Asha\AppData\Local\Programs\MiKTeX\tex/latex/base\atbegshi-ltx.sty
Package: atbegshi-ltx 2021/01/10 v1.0c Emulation of the original atbegshi
package with kernel methods
)
\Hy@abspage=\count278
\c@Item=\count279
\c@Hfootnote=\count280
)
Package hyperref Info: Driver (autodetected): hpdftex.

(C:\Users\Asha\AppData\Local\Programs\MiKTeX\tex/latex/hyperref\hpdftex.def
File: hpdftex.def 2021-06-07 v7.00m Hyperref driver for pdfTeX

(C:\Users\Asha\AppData\Local\Programs\MiKTeX\tex/latex/base\atveryend-ltx.sty
Package: atveryend-ltx 2020/08/19 v1.0a Emulation of the original atvery packag
e
with kernel methods
)
\Fld@listcount=\count281
\c@bookmark@seq@number=\count282

(C:\Users\Asha\AppData\Local\Programs\MiKTeX\tex/latex/rerunfilecheck\rerunfile
check.sty
Package: rerunfilecheck 2019/12/05 v1.9 Rerun checks for auxiliary files (HO)

(C:\Users\Asha\AppData\Local\Programs\MiKTeX\tex/generic/uniquecounter\uniqueco
unter.sty
Package: uniquecounter 2019/12/15 v1.4 Provide unlimited unique counter (HO)
)
Package uniquecounter Info: New unique counter `rerunfilecheck' on input line 2
86.
)
\Hy@SectionHShift=\skip52
)
(C:\Users\Asha\AppData\Local\Programs\MiKTeX\tex/latex/float\float.sty
Package: float 2001/11/08 v1.3d Float enhancements (AL)
\c@float@type=\count283
\float@exts=\toks23
\float@box=\box52
\@float@everytoks=\toks24
\@floatcapt=\box53
)
(C:\Users\Asha\AppData\Local\Programs\MiKTeX\tex/latex/l3backend\l3backend-pdft
ex.def
File: l3backend-pdftex.def 2021-08-04 L3 backend support: PDF output (pdfTeX)
\l__color_backend_stack_int=\count284
\l__pdf_internal_box=\box54
) (ZF_Wing.aux)
\openout1 = `ZF_Wing.aux'.

LaTeX Font Info:    Checking defaults for OML/cmm/m/it on input line 20.
LaTeX Font Info:    ... okay on input line 20.
LaTeX Font Info:    Checking defaults for OMS/cmsy/m/n on input line 20.
LaTeX Font Info:    ... okay on input line 20.
LaTeX Font Info:    Checking defaults for OT1/cmr/m/n on input line 20.
LaTeX Font Info:    ... okay on input line 20.
LaTeX Font Info:    Checking defaults for T1/cmr/m/n on input line 20.
LaTeX Font Info:    ... okay on input line 20.
LaTeX Font Info:    Checking defaults for TS1/cmr/m/n on input line 20.
LaTeX Font Info:    ... okay on input line 20.
LaTeX Font Info:    Checking defaults for OMX/cmex/m/n on input line 20.
LaTeX Font Info:    ... okay on input line 20.
LaTeX Font Info:    Checking defaults for U/cmr/m/n on input line 20.
LaTeX Font Info:    ... okay on input line 20.
LaTeX Font Info:    Checking defaults for PD1/pdf/m/n on input line 20.
LaTeX Font Info:    ... okay on input line 20.
LaTeX Font Info:    Checking defaults for PU/pdf/m/n on input line 20.
LaTeX Font Info:    ... okay on input line 20.

*geometry* driver: auto-detecting
*geometry* detected driver: pdftex
*geometry* verbose mode - [ preamble ] result:
* driver: pdftex
* paper: a4paper
* layout: <same size as paper>
* layoutoffset:(h,v)=(0.0pt,0.0pt)
* modes: 
* h-part:(L,W,R)=(89.62709pt, 418.25368pt, 89.6271pt)
* v-part:(T,H,B)=(101.40665pt, 591.5302pt, 152.11pt)
* \paperwidth=597.50787pt
* \paperheight=845.04684pt
* \textwidth=418.25368pt
* \textheight=591.5302pt
* \oddsidemargin=17.3571pt
* \evensidemargin=17.3571pt
* \topmargin=-7.86334pt
* \headheight=12.0pt
* \headsep=25.0pt
* \topskip=10.0pt
* \footskip=30.0pt
* \marginparwidth=65.0pt
* \marginparsep=11.0pt
* \columnsep=10.0pt
* \skip\footins=9.0pt plus 4.0pt minus 2.0pt
* \hoffset=0.0pt
* \voffset=0.0pt
* \mag=1000
* \@twocolumnfalse
* \@twosidefalse
* \@mparswitchfalse
* \@reversemarginfalse
* (1in=72.27pt=25.4mm, 1cm=28.453pt)


(C:\Users\Asha\AppData\Local\Programs\MiKTeX\tex/context/base/mkii\supp-pdf.mki
i
[Loading MPS to PDF converter (version 2006.09.02).]
\scratchcounter=\count285
\scratchdimen=\dimen163
\scratchbox=\box55
\nofMPsegments=\count286
\nofMParguments=\count287
\everyMPshowfont=\toks25
\MPscratchCnt=\count288
\MPscratchDim=\dimen164
\MPnumerator=\count289
\makeMPintoPDFobject=\count290
\everyMPtoPDFconversion=\toks26
)
(C:\Users\Asha\AppData\Local\Programs\MiKTeX\tex/latex/epstopdf-pkg\epstopdf-ba
se.sty
Package: epstopdf-base 2020-01-24 v2.11 Base part for package epstopdf
Package epstopdf-base Info: Redefining graphics rule for `.eps' on input line 4
85.

(C:\Users\Asha\AppData\Local\Programs\MiKTeX\tex/latex/00miktex\epstopdf-sys.cf
g
File: epstopdf-sys.cfg 2021/03/18 v2.0 Configuration of epstopdf for MiKTeX
)) (C:\Users\Asha\AppData\Local\Programs\MiKTeX\tex/latex/graphics\color.sty
Package: color 2020/02/24 v1.2b Standard LaTeX Color (DPC)

(C:\Users\Asha\AppData\Local\Programs\MiKTeX\tex/latex/graphics-cfg\color.cfg
File: color.cfg 2016/01/02 v1.6 sample color configuration
)
Package color Info: Driver file: pdftex.def on input line 149.
)
Package hyperref Info: Link coloring ON on input line 20.
(C:\Users\Asha\AppData\Local\Programs\MiKTeX\tex/latex/hyperref\nameref.sty
Package: nameref 2021-04-02 v2.47 Cross-referencing by name of section

(C:\Users\Asha\AppData\Local\Programs\MiKTeX\tex/latex/refcount\refcount.sty
Package: refcount 2019/12/15 v3.6 Data extraction from label references (HO)
)
(C:\Users\Asha\AppData\Local\Programs\MiKTeX\tex/generic/gettitlestring\gettitl
estring.sty
Package: gettitlestring 2019/12/15 v1.6 Cleanup title references (HO)
)
\c@section@level=\count291
)
LaTeX Info: Redefining \ref on input line 20.
LaTeX Info: Redefining \pageref on input line 20.
LaTeX Info: Redefining \nameref on input line 20.
 (ZF_Wing.out) (ZF_Wing.out)
\@outlinefile=\write3
\openout3 = `ZF_Wing.out'.

<Resources/Image/Guetereinteilung.png, id=67, 426.09187pt x 411.78844pt>
File: Resources/Image/Guetereinteilung.png Graphic file (type png)
<use Resources/Image/Guetereinteilung.png>
Package pdftex.def Info: Resources/Image/Guetereinteilung.png  used on input li
ne 39.
(pdftex.def)             Requested size: 125.47737pt x 121.2629pt.

Underfull \hbox (badness 10000) in paragraph at lines 45--46

 []

[1

{C:/Users/Asha/AppData/Local/MiKTeX/pdftex/config/pdftex.map}pdfTeX warning (ex
t4): destination with the same identifier (name{figure.1}) has been already use
d, duplicate ignored
<argument> ...shipout:D \box_use:N \l_shipout_box 
                                                  \__shipout_drop_firstpage_...
l.57 \item M
            iterhalt (People) <./Resources/Image/Guetereinteilung.png>]
<Resources/Image/Dreifache Unternehmungsveratntwortung.png, id=86, 502.12593pt 
x 383.18156pt>
File: Resources/Image/Dreifache Unternehmungsveratntwortung.png Graphic file (t
ype png)
<use Resources/Image/Dreifache Unternehmungsveratntwortung.png>
Package pdftex.def Info: Resources/Image/Dreifache Unternehmungsveratntwortung.
png  used on input line 62.
(pdftex.def)             Requested size: 125.47737pt x 95.75421pt.
<Resources/Image/SGMM.png, id=87, 640.64343pt x 403.5075pt>
File: Resources/Image/SGMM.png Graphic file (type png)
<use Resources/Image/SGMM.png>
Package pdftex.def Info: Resources/Image/SGMM.png  used on input line 70.
(pdftex.def)             Requested size: 125.47737pt x 79.03151pt.

Overfull \hbox (116.08057pt too wide) in paragraph at lines 77--90
[] 
 []

[2pdfTeX warning (ext4): destination with the same identifier (name{figure.2}) 
has been already used, duplicate ignored
<argument> ...shipout:D \box_use:N \l_shipout_box 
                                                  \__shipout_drop_firstpage_...
l.104 \item o
             der normative GrundlagenpdfTeX warning (ext4): destination with th
e same identifier (name{figure.3}) has been already used, duplicate ignored
<argument> ...shipout:D \box_use:N \l_shipout_box 
                                                  \__shipout_drop_firstpage_...
l.104 \item o
             der normative Grundlagen <./Resources/Image/Dreifache Unternehmung
sveratntwortung.png> <./Resources/Image/SGMM.png>]
<Resources/Image/MachtausuebungStakeholder.png, id=99, 579.66562pt x 549.55313p
t>
File: Resources/Image/MachtausuebungStakeholder.png Graphic file (type png)
<use Resources/Image/MachtausuebungStakeholder.png>
Package pdftex.def Info: Resources/Image/MachtausuebungStakeholder.png  used on
 input line 116.
(pdftex.def)             Requested size: 125.47737pt x 118.95662pt.
 [3pdfTeX warning (ext4): destination with the same identifier (name{figure.4})
 has been already used, duplicate ignored
<argument> ...shipout:D \box_use:N \l_shipout_box 
                                                  \__shipout_drop_firstpage_...
l.148 \item N
             ormen (Gesetze und Regeln) <./Resources/Image/MachtausuebungStakeh
older.png>]
<Resources/Image/Interaktionsthemenanalyse.png, id=117, 553.31718pt x 359.09157
pt>
File: Resources/Image/Interaktionsthemenanalyse.png Graphic file (type png)
<use Resources/Image/Interaktionsthemenanalyse.png>
Package pdftex.def Info: Resources/Image/Interaktionsthemenanalyse.png  used on
 input line 160.
(pdftex.def)             Requested size: 125.47737pt x 81.4277pt.
 [4pdfTeX warning (ext4): destination with the same identifier (name{figure.5})
 has been already used, duplicate ignored
<argument> ...shipout:D \box_use:N \l_shipout_box 
                                                  \__shipout_drop_firstpage_...
l.165 \section
              {Strategie} <./Resources/Image/Interaktionsthemenanalyse.png>]
<Resources/Image/StrategieEinordnung.png, id=126, 445.665pt x 277.035pt>
File: Resources/Image/StrategieEinordnung.png Graphic file (type png)
<use Resources/Image/StrategieEinordnung.png>
Package pdftex.def Info: Resources/Image/StrategieEinordnung.png  used on input
 line 169.
(pdftex.def)             Requested size: 125.47737pt x 78.00044pt.
<Resources/Image/ManagementEntscheide.png, id=127, 436.63126pt x 233.37187pt>
File: Resources/Image/ManagementEntscheide.png Graphic file (type png)
<use Resources/Image/ManagementEntscheide.png>
Package pdftex.def Info: Resources/Image/ManagementEntscheide.png  used on inpu
t line 176.
(pdftex.def)             Requested size: 125.47737pt x 67.06361pt.
<Resources/Image/FaktorenEinfluss.png, id=128, 615.0478pt x 304.88907pt>
File: Resources/Image/FaktorenEinfluss.png Graphic file (type png)
<use Resources/Image/FaktorenEinfluss.png>
Package pdftex.def Info: Resources/Image/FaktorenEinfluss.png  used on input li
ne 201.
(pdftex.def)             Requested size: 125.47737pt x 62.20026pt.

[5pdfTeX warning (ext4): destination with the same identifier (name{figure.6}) 
has been already used, duplicate ignored
<argument> ...shipout:D \box_use:N \l_shipout_box 
                                                  \__shipout_drop_firstpage_...
l.204 
      pdfTeX warning (ext4): destination with the same identifier (name{figure.
7}) has been already used, duplicate ignored
<argument> ...shipout:D \box_use:N \l_shipout_box 
                                                  \__shipout_drop_firstpage_...
l.204 
       <./Resources/Image/StrategieEinordnung.png> <./Resources/Image/Managemen
tEntscheide.png>]
<Resources/Image/SwotAnalyse.png, id=145, 408.77719pt x 222.07968pt>
File: Resources/Image/SwotAnalyse.png Graphic file (type png)
<use Resources/Image/SwotAnalyse.png>
Package pdftex.def Info: Resources/Image/SwotAnalyse.png  used on input line 20
8.
(pdftex.def)             Requested size: 125.47737pt x 68.16624pt.

Underfull \hbox (badness 10000) in paragraph at lines 225--241

 []


Overfull \hbox (61.51103pt too wide) in paragraph at lines 225--241
[] [] 
 []


Underfull \hbox (badness 10000) in paragraph at lines 225--241

 []


Underfull \hbox (badness 10000) in paragraph at lines 225--241

 []


Overfull \hbox (4.2887pt too wide) in paragraph at lines 243--259
[][] 
 []

<Resources/Image/GrundstrategieAnsaetze.png, id=146, 587.94656pt x 249.93375pt>

File: Resources/Image/GrundstrategieAnsaetze.png Graphic file (type png)
<use Resources/Image/GrundstrategieAnsaetze.png>
Package pdftex.def Info: Resources/Image/GrundstrategieAnsaetze.png  used on in
put line 264.
(pdftex.def)             Requested size: 125.47737pt x 53.33807pt.
[6pdfTeX warning (ext4): destination with the same identifier (name{figure.8}) 
has been already used, duplicate ignored
<argument> ...shipout:D \box_use:N \l_shipout_box 
                                                  \__shipout_drop_firstpage_...
l.267 
      pdfTeX warning (ext4): destination with the same identifier (name{figure.
9}) has been already used, duplicate ignored
<argument> ...shipout:D \box_use:N \l_shipout_box 
                                                  \__shipout_drop_firstpage_...
l.267 
       <./Resources/Image/FaktorenEinfluss.png> <./Resources/Image/SwotAnalyse.
png>]
<Resources/Image/Pestelanalyse.png, id=158, 316.18124pt x 256.70906pt>
File: Resources/Image/Pestelanalyse.png Graphic file (type png)
<use Resources/Image/Pestelanalyse.png>
Package pdftex.def Info: Resources/Image/Pestelanalyse.png  used on input line 
274.
(pdftex.def)             Requested size: 125.47737pt x 101.87488pt.

Underfull \hbox (badness 10000) in paragraph at lines 271--276

 []


Underfull \hbox (badness 10000) in paragraph at lines 283--284

 []

<Resources/Image/Porteranalyse.png, id=159, 510.40688pt x 383.18156pt>
File: Resources/Image/Porteranalyse.png Graphic file (type png)
<use Resources/Image/Porteranalyse.png>
Package pdftex.def Info: Resources/Image/Porteranalyse.png  used on input line 
287.
(pdftex.def)             Requested size: 125.47737pt x 94.19894pt.
<Resources/Image/ZFPorter.png, id=160, 439.6425pt x 376.40625pt>
File: Resources/Image/ZFPorter.png Graphic file (type png)
<use Resources/Image/ZFPorter.png>
Package pdftex.def Info: Resources/Image/ZFPorter.png  used on input line 294.
(pdftex.def)             Requested size: 125.47737pt x 107.42622pt.
[7pdfTeX warning (ext4): destination with the same identifier (name{figure.10})
 has been already used, duplicate ignored
<argument> ...shipout:D \box_use:N \l_shipout_box 
                                                  \__shipout_drop_firstpage_...
l.297 
      pdfTeX warning (ext4): destination with the same identifier (name{figure.
11}) has been already used, duplicate ignored
<argument> ...shipout:D \box_use:N \l_shipout_box 
                                                  \__shipout_drop_firstpage_...
l.297 
      pdfTeX warning (ext4): destination with the same identifier (name{figure.
12}) has been already used, duplicate ignored
<argument> ...shipout:D \box_use:N \l_shipout_box 
                                                  \__shipout_drop_firstpage_...
l.297 
       <./Resources/Image/GrundstrategieAnsaetze.png> <./Resources/Image/Pestel
analyse.png> <./Resources/Image/Porteranalyse.png>]
Underfull \hbox (badness 10000) in paragraph at lines 298--299

 []

<Resources/Image/Branchenanalyse.png, id=173, 749.80125pt x 441.14813pt>
File: Resources/Image/Branchenanalyse.png Graphic file (type png)
<use Resources/Image/Branchenanalyse.png>
Package pdftex.def Info: Resources/Image/Branchenanalyse.png  used on input lin
e 302.
(pdftex.def)             Requested size: 125.47737pt x 73.82292pt.
<Resources/Image/Strategieentwicklung.png, id=174, 301.8778pt x 115.18031pt>
File: Resources/Image/Strategieentwicklung.png Graphic file (type png)
<use Resources/Image/Strategieentwicklung.png>
Package pdftex.def Info: Resources/Image/Strategieentwicklung.png  used on inpu
t line 310.
(pdftex.def)             Requested size: 125.47737pt x 47.8745pt.

Underfull \hbox (badness 10000) in paragraph at lines 307--312

 []

<Resources/Image/Unternehmensleitbild.png, id=175, 335.00156pt x 217.5628pt>
File: Resources/Image/Unternehmensleitbild.png Graphic file (type png)
<use Resources/Image/Unternehmensleitbild.png>
Package pdftex.def Info: Resources/Image/Unternehmensleitbild.png  used on inpu
t line 318.
(pdftex.def)             Requested size: 125.47737pt x 81.48958pt.

Underfull \hbox (badness 10000) in paragraph at lines 315--320

 []

<Resources/Image/Unternehmensstrategie.png, id=176, 632.3625pt x 389.95688pt>
File: Resources/Image/Unternehmensstrategie.png Graphic file (type png)
<use Resources/Image/Unternehmensstrategie.png>
Package pdftex.def Info: Resources/Image/Unternehmensstrategie.png  used on inp
ut line 326.
(pdftex.def)             Requested size: 125.47737pt x 77.3771pt.

Underfull \hbox (badness 10000) in paragraph at lines 323--328

 []

[8pdfTeX warning (ext4): destination with the same identifier (name{figure.13})
 has been already used, duplicate ignored
<argument> ...shipout:D \box_use:N \l_shipout_box 
                                                  \__shipout_drop_firstpage_...
l.329 
      pdfTeX warning (ext4): destination with the same identifier (name{figure.
14}) has been already used, duplicate ignored
<argument> ...shipout:D \box_use:N \l_shipout_box 
                                                  \__shipout_drop_firstpage_...
l.329 
      pdfTeX warning (ext4): destination with the same identifier (name{figure.
15}) has been already used, duplicate ignored
<argument> ...shipout:D \box_use:N \l_shipout_box 
                                                  \__shipout_drop_firstpage_...
l.329 
      pdfTeX warning (ext4): destination with the same identifier (name{figure.
16}) has been already used, duplicate ignored
<argument> ...shipout:D \box_use:N \l_shipout_box 
                                                  \__shipout_drop_firstpage_...
l.329 
       <./Resources/Image/ZFPorter.png> <./Resources/Image/Branchenanalyse.png>
 <./Resources/Image/Strategieentwicklung.png> <./Resources/Image/Unternehmensle
itbild.png>]
Underfull \hbox (badness 10000) in paragraph at lines 334--335

 []


Underfull \hbox (badness 10000) in paragraph at lines 344--346

 []

<Resources/Image/PorterWettbewerbstrategie.png, id=189, 749.80125pt x 367.3725p
t>
File: Resources/Image/PorterWettbewerbstrategie.png Graphic file (type png)
<use Resources/Image/PorterWettbewerbstrategie.png>
Package pdftex.def Info: Resources/Image/PorterWettbewerbstrategie.png  used on
 input line 349.
(pdftex.def)             Requested size: 125.47737pt x 61.47711pt.

Underfull \hbox (badness 10000) in paragraph at lines 356--358

 []

<Resources/Image/Ansoff.png, id=190, 417.81094pt x 245.41687pt>
File: Resources/Image/Ansoff.png Graphic file (type png)
<use Resources/Image/Ansoff.png>
Package pdftex.def Info: Resources/Image/Ansoff.png  used on input line 361.
(pdftex.def)             Requested size: 125.47737pt x 73.70425pt.

Underfull \hbox (badness 10000) in paragraph at lines 365--366

 []

<Resources/Image/Stossrichtungen.png, id=191, 588.69937pt x 229.60782pt>
File: Resources/Image/Stossrichtungen.png Graphic file (type png)
<use Resources/Image/Stossrichtungen.png>
Package pdftex.def Info: Resources/Image/Stossrichtungen.png  used on input lin
e 369.
(pdftex.def)             Requested size: 125.47737pt x 48.93729pt.
[9pdfTeX warning (ext4): destination with the same identifier (name{figure.17})
 has been already used, duplicate ignored
<argument> ...shipout:D \box_use:N \l_shipout_box 
                                                  \__shipout_drop_firstpage_...
l.372 
      pdfTeX warning (ext4): destination with the same identifier (name{figure.
18}) has been already used, duplicate ignored
<argument> ...shipout:D \box_use:N \l_shipout_box 
                                                  \__shipout_drop_firstpage_...
l.372 
      pdfTeX warning (ext4): destination with the same identifier (name{figure.
19}) has been already used, duplicate ignored
<argument> ...shipout:D \box_use:N \l_shipout_box 
                                                  \__shipout_drop_firstpage_...
l.372 
       <./Resources/Image/Unternehmensstrategie.png> <./Resources/Image/PorterW
ettbewerbstrategie.png> <./Resources/Image/Ansoff.png>]
Underfull \hbox (badness 10000) in paragraph at lines 373--374

 []

<Resources/Image/Marktdurchdringung.png, id=205, 587.94656pt x 155.07938pt>
File: Resources/Image/Marktdurchdringung.png Graphic file (type png)
<use Resources/Image/Marktdurchdringung.png>
Package pdftex.def Info: Resources/Image/Marktdurchdringung.png  used on input 
line 377.
(pdftex.def)             Requested size: 125.47737pt x 33.0953pt.

Underfull \hbox (badness 10000) in paragraph at lines 382--383

 []

<Resources/Image/Marktentwicklung.png, id=206, 589.4522pt x 156.585pt>
File: Resources/Image/Marktentwicklung.png Graphic file (type png)
<use Resources/Image/Marktentwicklung.png>
Package pdftex.def Info: Resources/Image/Marktentwicklung.png  used on input li
ne 386.
(pdftex.def)             Requested size: 125.47737pt x 33.33061pt.

Underfull \hbox (badness 10000) in paragraph at lines 391--392

 []

<Resources/Image/Produktentwicklung.png, id=207, 475.02469pt x 115.93312pt>
File: Resources/Image/Produktentwicklung.png Graphic file (type png)
<use Resources/Image/Produktentwicklung.png>
Package pdftex.def Info: Resources/Image/Produktentwicklung.png  used on input 
line 395.
(pdftex.def)             Requested size: 125.47737pt x 30.62306pt.
<Resources/Image/Diversifikation.png, id=208, 473.51906pt x 185.94469pt>
File: Resources/Image/Diversifikation.png Graphic file (type png)
<use Resources/Image/Diversifikation.png>
Package pdftex.def Info: Resources/Image/Diversifikation.png  used on input lin
e 403.
(pdftex.def)             Requested size: 125.47737pt x 49.27226pt.

Underfull \hbox (badness 10000) in paragraph at lines 400--405

 []

[10pdfTeX warning (ext4): destination with the same identifier (name{figure.20}
) has been already used, duplicate ignored
<argument> ...shipout:D \box_use:N \l_shipout_box 
                                                  \__shipout_drop_firstpage_...
l.408 \section
              {Marketing I}pdfTeX warning (ext4): destination with the same ide
ntifier (name{figure.21}) has been already used, duplicate ignored
<argument> ...shipout:D \box_use:N \l_shipout_box 
                                                  \__shipout_drop_firstpage_...
l.408 \section
              {Marketing I}pdfTeX warning (ext4): destination with the same ide
ntifier (name{figure.22}) has been already used, duplicate ignored
<argument> ...shipout:D \box_use:N \l_shipout_box 
                                                  \__shipout_drop_firstpage_...
l.408 \section
              {Marketing I}pdfTeX warning (ext4): destination with the same ide
ntifier (name{figure.23}) has been already used, duplicate ignored
<argument> ...shipout:D \box_use:N \l_shipout_box 
                                                  \__shipout_drop_firstpage_...
l.408 \section
              {Marketing I}pdfTeX warning (ext4): destination with the same ide
ntifier (name{figure.24}) has been already used, duplicate ignored
<argument> ...shipout:D \box_use:N \l_shipout_box 
                                                  \__shipout_drop_firstpage_...
l.408 \section
              {Marketing I} <./Resources/Image/Stossrichtungen.png> <./Resource
s/Image/Marktdurchdringung.png> <./Resources/Image/Marktentwicklung.png> <./Res
ources/Image/Produktentwicklung.png> <./Resources/Image/Diversifikation.png>]
[11] (ZF_Wing.aux)
Package rerunfilecheck Info: File `ZF_Wing.out' has not changed.
(rerunfilecheck)             Checksum: AD5C92F05CE7A168B8D1FB8643E6942C;2624.
 ) 
Here is how much of TeX's memory you used:
 10311 strings out of 478927
 160226 string characters out of 2853008
 483442 words of memory out of 3000000
 27929 multiletter control sequences out of 15000+600000
 409148 words of font info for 47 fonts, out of 8000000 for 9000
 1141 hyphenation exceptions out of 8191
 60i,7n,66p,284b,406s stack positions out of 5000i,500n,10000p,200000b,80000s
 <C:\Users\Asha\AppData\Local\MiKTeX\fonts/pk/ljfour/jknappen/ec/dpi600\tcrm1
000.pk><C:/Users/Asha/AppData/Local/Programs/MiKTeX/fonts/type1/public/amsfonts
/cm/cmbx10.pfb><C:/Users/Asha/AppData/Local/Programs/MiKTeX/fonts/type1/public/
amsfonts/cm/cmbx12.pfb><C:/Users/Asha/AppData/Local/Programs/MiKTeX/fonts/type1
/public/amsfonts/cm/cmr10.pfb><C:/Users/Asha/AppData/Local/Programs/MiKTeX/font
s/type1/public/amsfonts/cm/cmr12.pfb><C:/Users/Asha/AppData/Local/Programs/MiKT
eX/fonts/type1/public/amsfonts/cm/cmr17.pfb>
Output written on ZF_Wing.pdf (11 pages, 2769183 bytes).
PDF statistics:
 274 PDF objects out of 1000 (max. 8388607)
 87 named destinations out of 1000 (max. 500000)
 249 words of extra memory for PDF output out of 10000 (max. 10000000)

