This is pdfTeX, Version 3.141592653-2.6-1.40.24 (MiKTeX 22.3) (preloaded format=pdflatex 2022.5.6)  6 MAY 2022 16:12
entering extended mode
 restricted \write18 enabled.
 %&-line parsing enabled.
**./ZF_SWEN1.tex
(ZF_SWEN1.tex
LaTeX2e <2021-11-15> patch level 1
L3 programming layer <2022-02-24>
(C:\Users\ashas\AppData\Local\Programs\MiKTeX\tex/latex/base\article.cls
Document Class: article 2021/10/04 v1.4n Standard LaTeX document class
(C:\Users\ashas\AppData\Local\Programs\MiKTeX\tex/latex/base\size10.clo
File: size10.clo 2021/10/04 v1.4n Standard LaTeX file (size option)
)
\c@part=\count185
\c@section=\count186
\c@subsection=\count187
\c@subsubsection=\count188
\c@paragraph=\count189
\c@subparagraph=\count190
\c@figure=\count191
\c@table=\count192
\abovecaptionskip=\skip47
\belowcaptionskip=\skip48
\bibindent=\dimen138
)
(C:\Users\ashas\AppData\Local\Programs\MiKTeX\tex/generic/babel\babel.sty
Package: babel 2022/02/26 3.73 The Babel package
\babel@savecnt=\count193
\U@D=\dimen139
\l@unhyphenated=\language79

(C:\Users\ashas\AppData\Local\Programs\MiKTeX\tex/generic/babel\txtbabel.def)
\bbl@readstream=\read2
\bbl@dirlevel=\count194

*************************************
* Local config file bblopts.cfg used
*
(C:\Users\ashas\AppData\Local\Programs\MiKTeX\tex/latex/arabi\bblopts.cfg
File: bblopts.cfg 2005/09/08 v0.1 add Arabic and Farsi to "declared" options of
 babel
)
(C:\Users\ashas\AppData\Local\Programs\MiKTeX\tex/latex/babel-german\german.ldf
Language: german 2021/02/27 v2.13 German support for babel (pre-1996 orthograph
y)

(C:\Users\ashas\AppData\Local\Programs\MiKTeX\tex/latex/babel-german\germanb.ld
f
Language: germanb 2021/02/27 v2.13 German support for babel (pre-1996 orthograp
hy)
Package babel Info: Making " an active character on input line 139.
))) (C:\Users\ashas\AppData\Local\Programs\MiKTeX\tex/latex/xcolor\xcolor.sty
Package: xcolor 2021/10/31 v2.13 LaTeX color extensions (UK)

(C:\Users\ashas\AppData\Local\Programs\MiKTeX\tex/latex/graphics-cfg\color.cfg
File: color.cfg 2016/01/02 v1.6 sample color configuration
)
Package xcolor Info: Driver file: pdftex.def on input line 227.

(C:\Users\ashas\AppData\Local\Programs\MiKTeX\tex/latex/graphics-def\pdftex.def
File: pdftex.def 2020/10/05 v1.2a Graphics/color driver for pdftex
)
Package xcolor Info: Model `cmy' substituted by `cmy0' on input line 1352.
Package xcolor Info: Model `hsb' substituted by `rgb' on input line 1356.
Package xcolor Info: Model `RGB' extended on input line 1368.
Package xcolor Info: Model `HTML' substituted by `rgb' on input line 1370.
Package xcolor Info: Model `Hsb' substituted by `hsb' on input line 1371.
Package xcolor Info: Model `tHsb' substituted by `hsb' on input line 1372.
Package xcolor Info: Model `HSB' substituted by `hsb' on input line 1373.
Package xcolor Info: Model `Gray' substituted by `gray' on input line 1374.
Package xcolor Info: Model `wave' substituted by `hsb' on input line 1375.
 (C:\Users\ashas\AppData\Local\Programs\MiKTeX\tex/latex/graphics\dvipsnam.def
File: dvipsnam.def 2016/06/17 v3.0m Driver-dependent file (DPC,SPQR)
))
(C:\Users\ashas\AppData\Local\Programs\MiKTeX\tex/latex/geometry\geometry.sty
Package: geometry 2020/01/02 v5.9 Page Geometry

(C:\Users\ashas\AppData\Local\Programs\MiKTeX\tex/latex/graphics\keyval.sty
Package: keyval 2014/10/28 v1.15 key=value parser (DPC)
\KV@toks@=\toks16
)
(C:\Users\ashas\AppData\Local\Programs\MiKTeX\tex/generic/iftex\ifvtex.sty
Package: ifvtex 2019/10/25 v1.7 ifvtex legacy package. Use iftex instead.

(C:\Users\ashas\AppData\Local\Programs\MiKTeX\tex/generic/iftex\iftex.sty
Package: iftex 2022/02/03 v1.0f TeX engine tests
))
\Gm@cnth=\count195
\Gm@cntv=\count196
\c@Gm@tempcnt=\count197
\Gm@bindingoffset=\dimen140
\Gm@wd@mp=\dimen141
\Gm@odd@mp=\dimen142
\Gm@even@mp=\dimen143
\Gm@layoutwidth=\dimen144
\Gm@layoutheight=\dimen145
\Gm@layouthoffset=\dimen146
\Gm@layoutvoffset=\dimen147
\Gm@dimlist=\toks17

(C:\Users\ashas\AppData\Local\Programs\MiKTeX\tex/latex/geometry\geometry.cfg))
(C:\Users\ashas\AppData\Local\Programs\MiKTeX\tex/latex/amsmath\amsmath.sty
Package: amsmath 2021/10/15 v2.17l AMS math features
\@mathmargin=\skip49

For additional information on amsmath, use the `?' option.
(C:\Users\ashas\AppData\Local\Programs\MiKTeX\tex/latex/amsmath\amstext.sty
Package: amstext 2021/08/26 v2.01 AMS text

(C:\Users\ashas\AppData\Local\Programs\MiKTeX\tex/latex/amsmath\amsgen.sty
File: amsgen.sty 1999/11/30 v2.0 generic functions
\@emptytoks=\toks18
\ex@=\dimen148
))
(C:\Users\ashas\AppData\Local\Programs\MiKTeX\tex/latex/amsmath\amsbsy.sty
Package: amsbsy 1999/11/29 v1.2d Bold Symbols
\pmbraise@=\dimen149
)
(C:\Users\ashas\AppData\Local\Programs\MiKTeX\tex/latex/amsmath\amsopn.sty
Package: amsopn 2021/08/26 v2.02 operator names
)
\inf@bad=\count198
LaTeX Info: Redefining \frac on input line 234.
\uproot@=\count199
\leftroot@=\count266
LaTeX Info: Redefining \overline on input line 399.
\classnum@=\count267
\DOTSCASE@=\count268
LaTeX Info: Redefining \ldots on input line 496.
LaTeX Info: Redefining \dots on input line 499.
LaTeX Info: Redefining \cdots on input line 620.
\Mathstrutbox@=\box50
\strutbox@=\box51
\big@size=\dimen150
LaTeX Font Info:    Redeclaring font encoding OML on input line 743.
LaTeX Font Info:    Redeclaring font encoding OMS on input line 744.
\macc@depth=\count269
\c@MaxMatrixCols=\count270
\dotsspace@=\muskip16
\c@parentequation=\count271
\dspbrk@lvl=\count272
\tag@help=\toks19
\row@=\count273
\column@=\count274
\maxfields@=\count275
\andhelp@=\toks20
\eqnshift@=\dimen151
\alignsep@=\dimen152
\tagshift@=\dimen153
\tagwidth@=\dimen154
\totwidth@=\dimen155
\lineht@=\dimen156
\@envbody=\toks21
\multlinegap=\skip50
\multlinetaggap=\skip51
\mathdisplay@stack=\toks22
LaTeX Info: Redefining \[ on input line 2938.
LaTeX Info: Redefining \] on input line 2939.
)
(C:\Users\ashas\AppData\Local\Programs\MiKTeX\tex/latex/graphics\graphicx.sty
Package: graphicx 2021/09/16 v1.2d Enhanced LaTeX Graphics (DPC,SPQR)

(C:\Users\ashas\AppData\Local\Programs\MiKTeX\tex/latex/graphics\graphics.sty
Package: graphics 2021/03/04 v1.4d Standard LaTeX Graphics (DPC,SPQR)

(C:\Users\ashas\AppData\Local\Programs\MiKTeX\tex/latex/graphics\trig.sty
Package: trig 2021/08/11 v1.11 sin cos tan (DPC)
)
(C:\Users\ashas\AppData\Local\Programs\MiKTeX\tex/latex/graphics-cfg\graphics.c
fg
File: graphics.cfg 2016/06/04 v1.11 sample graphics configuration
)
Package graphics Info: Driver file: pdftex.def on input line 107.
)
\Gin@req@height=\dimen157
\Gin@req@width=\dimen158
)
(C:\Users\ashas\AppData\Local\Programs\MiKTeX\tex/latex/hyperref\hyperref.sty
Package: hyperref 2022-02-21 v7.00n Hypertext links for LaTeX

(C:\Users\ashas\AppData\Local\Programs\MiKTeX\tex/generic/ltxcmds\ltxcmds.sty
Package: ltxcmds 2020-05-10 v1.25 LaTeX kernel commands for general use (HO)
)
(C:\Users\ashas\AppData\Local\Programs\MiKTeX\tex/generic/pdftexcmds\pdftexcmds
.sty
Package: pdftexcmds 2020-06-27 v0.33 Utility functions of pdfTeX for LuaTeX (HO
)

(C:\Users\ashas\AppData\Local\Programs\MiKTeX\tex/generic/infwarerr\infwarerr.s
ty
Package: infwarerr 2019/12/03 v1.5 Providing info/warning/error messages (HO)
)
Package pdftexcmds Info: \pdf@primitive is available.
Package pdftexcmds Info: \pdf@ifprimitive is available.
Package pdftexcmds Info: \pdfdraftmode found.
)
(C:\Users\ashas\AppData\Local\Programs\MiKTeX\tex/generic/kvsetkeys\kvsetkeys.s
ty
Package: kvsetkeys 2019/12/15 v1.18 Key value parser (HO)
)
(C:\Users\ashas\AppData\Local\Programs\MiKTeX\tex/generic/kvdefinekeys\kvdefine
keys.sty
Package: kvdefinekeys 2019-12-19 v1.6 Define keys (HO)
)
(C:\Users\ashas\AppData\Local\Programs\MiKTeX\tex/generic/pdfescape\pdfescape.s
ty
Package: pdfescape 2019/12/09 v1.15 Implements pdfTeX's escape features (HO)
) (C:\Users\ashas\AppData\Local\Programs\MiKTeX\tex/latex/hycolor\hycolor.sty
Package: hycolor 2020-01-27 v1.10 Color options for hyperref/bookmark (HO)
)
(C:\Users\ashas\AppData\Local\Programs\MiKTeX\tex/latex/letltxmacro\letltxmacro
.sty
Package: letltxmacro 2019/12/03 v1.6 Let assignment for LaTeX macros (HO)
)
(C:\Users\ashas\AppData\Local\Programs\MiKTeX\tex/latex/auxhook\auxhook.sty
Package: auxhook 2019-12-17 v1.6 Hooks for auxiliary files (HO)
)
(C:\Users\ashas\AppData\Local\Programs\MiKTeX\tex/latex/kvoptions\kvoptions.sty
Package: kvoptions 2020-10-07 v3.14 Key value format for package options (HO)
)
\@linkdim=\dimen159
\Hy@linkcounter=\count276
\Hy@pagecounter=\count277
 (C:\Users\ashas\AppData\Local\Programs\MiKTeX\tex/latex/hyperref\pd1enc.def
File: pd1enc.def 2022-02-21 v7.00n Hyperref: PDFDocEncoding definition (HO)
Now handling font encoding PD1 ...
... no UTF-8 mapping file for font encoding PD1
)
(C:\Users\ashas\AppData\Local\Programs\MiKTeX\tex/generic/intcalc\intcalc.sty
Package: intcalc 2019/12/15 v1.3 Expandable calculations with integers (HO)
)
(C:\Users\ashas\AppData\Local\Programs\MiKTeX\tex/generic/etexcmds\etexcmds.sty
Package: etexcmds 2019/12/15 v1.7 Avoid name clashes with e-TeX commands (HO)
)
\Hy@SavedSpaceFactor=\count278
 (C:\Users\ashas\AppData\Local\Programs\MiKTeX\tex/latex/hyperref\puenc.def
File: puenc.def 2022-02-21 v7.00n Hyperref: PDF Unicode definition (HO)
Now handling font encoding PU ...
... no UTF-8 mapping file for font encoding PU
)
Package hyperref Info: Option `colorlinks' set `true' on input line 4018.
Package hyperref Info: Hyper figures OFF on input line 4137.
Package hyperref Info: Link nesting OFF on input line 4142.
Package hyperref Info: Hyper index ON on input line 4145.
Package hyperref Info: Plain pages OFF on input line 4152.
Package hyperref Info: Backreferencing OFF on input line 4157.
Package hyperref Info: Implicit mode ON; LaTeX internals redefined.
Package hyperref Info: Bookmarks ON on input line 4390.
\c@Hy@tempcnt=\count279

(C:\Users\ashas\AppData\Local\Programs\MiKTeX\tex/latex/url\url.sty
\Urlmuskip=\muskip17
Package: url 2013/09/16  ver 3.4  Verb mode for urls, etc.
)
LaTeX Info: Redefining \url on input line 4749.
\XeTeXLinkMargin=\dimen160

(C:\Users\ashas\AppData\Local\Programs\MiKTeX\tex/generic/bitset\bitset.sty
Package: bitset 2019/12/09 v1.3 Handle bit-vector datatype (HO)

(C:\Users\ashas\AppData\Local\Programs\MiKTeX\tex/generic/bigintcalc\bigintcalc
.sty
Package: bigintcalc 2019/12/15 v1.5 Expandable calculations on big integers (HO
)
))
\Fld@menulength=\count280
\Field@Width=\dimen161
\Fld@charsize=\dimen162
Package hyperref Info: Hyper figures OFF on input line 6027.
Package hyperref Info: Link nesting OFF on input line 6032.
Package hyperref Info: Hyper index ON on input line 6035.
Package hyperref Info: backreferencing OFF on input line 6042.
Package hyperref Info: Link coloring ON on input line 6045.
Package hyperref Info: Link coloring with OCG OFF on input line 6052.
Package hyperref Info: PDF/A mode OFF on input line 6057.
LaTeX Info: Redefining \ref on input line 6097.
LaTeX Info: Redefining \pageref on input line 6101.

(C:\Users\ashas\AppData\Local\Programs\MiKTeX\tex/latex/base\atbegshi-ltx.sty
Package: atbegshi-ltx 2021/01/10 v1.0c Emulation of the original atbegshi
package with kernel methods
)
\Hy@abspage=\count281
\c@Item=\count282
\c@Hfootnote=\count283
)
Package hyperref Info: Driver (autodetected): hpdftex.
(C:\Users\ashas\AppData\Local\Programs\MiKTeX\tex/latex/hyperref\hpdftex.def
File: hpdftex.def 2022-02-21 v7.00n Hyperref driver for pdfTeX

(C:\Users\ashas\AppData\Local\Programs\MiKTeX\tex/latex/base\atveryend-ltx.sty
Package: atveryend-ltx 2020/08/19 v1.0a Emulation of the original atveryend pac
kage
with kernel methods
)
\Fld@listcount=\count284
\c@bookmark@seq@number=\count285

(C:\Users\ashas\AppData\Local\Programs\MiKTeX\tex/latex/rerunfilecheck\rerunfil
echeck.sty
Package: rerunfilecheck 2019/12/05 v1.9 Rerun checks for auxiliary files (HO)

(C:\Users\ashas\AppData\Local\Programs\MiKTeX\tex/generic/uniquecounter\uniquec
ounter.sty
Package: uniquecounter 2019/12/15 v1.4 Provide unlimited unique counter (HO)
)
Package uniquecounter Info: New unique counter `rerunfilecheck' on input line 2
86.
)
\Hy@SectionHShift=\skip52
)
(C:\Users\ashas\AppData\Local\Programs\MiKTeX\tex/latex/float\float.sty
Package: float 2001/11/08 v1.3d Float enhancements (AL)
\c@float@type=\count286
\float@exts=\toks23
\float@box=\box52
\@float@everytoks=\toks24
\@floatcapt=\box53
)
(C:\Users\ashas\AppData\Local\Programs\MiKTeX\tex/latex/tools\multicol.sty
Package: multicol 2021/10/28 v1.9b multicolumn formatting (FMi)
\c@tracingmulticols=\count287
\mult@box=\box54
\multicol@leftmargin=\dimen163
\c@unbalance=\count288
\c@collectmore=\count289
\doublecol@number=\count290
\multicoltolerance=\count291
\multicolpretolerance=\count292
\full@width=\dimen164
\page@free=\dimen165
\premulticols=\dimen166
\postmulticols=\dimen167
\multicolsep=\skip53
\multicolbaselineskip=\skip54
\partial@page=\box55
\last@line=\box56
\maxbalancingoverflow=\dimen168
\mult@rightbox=\box57
\mult@grightbox=\box58
\mult@firstbox=\box59
\mult@gfirstbox=\box60
\@tempa=\box61
\@tempa=\box62
\@tempa=\box63
\@tempa=\box64
\@tempa=\box65
\@tempa=\box66
\@tempa=\box67
\@tempa=\box68
\@tempa=\box69
\@tempa=\box70
\@tempa=\box71
\@tempa=\box72
\@tempa=\box73
\@tempa=\box74
\@tempa=\box75
\@tempa=\box76
\@tempa=\box77
\@tempa=\box78
\@tempa=\box79
\@tempa=\box80
\@tempa=\box81
\@tempa=\box82
\@tempa=\box83
\@tempa=\box84
\@tempa=\box85
\@tempa=\box86
\@tempa=\box87
\@tempa=\box88
\@tempa=\box89
\@tempa=\box90
\@tempa=\box91
\@tempa=\box92
\@tempa=\box93
\@tempa=\box94
\@tempa=\box95
\@tempa=\box96
\c@minrows=\count293
\c@columnbadness=\count294
\c@finalcolumnbadness=\count295
\last@try=\dimen169
\multicolovershoot=\dimen170
\multicolundershoot=\dimen171
\mult@nat@firstbox=\box97
\colbreak@box=\box98
\mc@col@check@num=\count296
)
(C:\Users\ashas\AppData\Local\Programs\MiKTeX\tex/latex/subfiles\subfiles.sty
Package: subfiles 2020/11/14 v2.2 Multi-file projects (package)

(C:\Users\ashas\AppData\Local\Programs\MiKTeX\tex/latex/import\import.sty
Package: import 2020/04/01  v 6.2
))
(C:\Users\ashas\AppData\Local\Programs\MiKTeX\tex/latex/l3backend\l3backend-pdf
tex.def
File: l3backend-pdftex.def 2022-02-07 L3 backend support: PDF output (pdfTeX)
\l__color_backend_stack_int=\count297
\l__pdf_internal_box=\box99
) (ZF_SWEN1.aux)
\openout1 = `ZF_SWEN1.aux'.

LaTeX Font Info:    Checking defaults for OML/cmm/m/it on input line 31.
LaTeX Font Info:    ... okay on input line 31.
LaTeX Font Info:    Checking defaults for OMS/cmsy/m/n on input line 31.
LaTeX Font Info:    ... okay on input line 31.
LaTeX Font Info:    Checking defaults for OT1/cmr/m/n on input line 31.
LaTeX Font Info:    ... okay on input line 31.
LaTeX Font Info:    Checking defaults for T1/cmr/m/n on input line 31.
LaTeX Font Info:    ... okay on input line 31.
LaTeX Font Info:    Checking defaults for TS1/cmr/m/n on input line 31.
LaTeX Font Info:    ... okay on input line 31.
LaTeX Font Info:    Checking defaults for OMX/cmex/m/n on input line 31.
LaTeX Font Info:    ... okay on input line 31.
LaTeX Font Info:    Checking defaults for U/cmr/m/n on input line 31.
LaTeX Font Info:    ... okay on input line 31.
LaTeX Font Info:    Checking defaults for PD1/pdf/m/n on input line 31.
LaTeX Font Info:    ... okay on input line 31.
LaTeX Font Info:    Checking defaults for PU/pdf/m/n on input line 31.
LaTeX Font Info:    ... okay on input line 31.

(C:\Users\ashas\AppData\Local\Programs\MiKTeX\tex/context/base/mkii\supp-pdf.mk
ii
[Loading MPS to PDF converter (version 2006.09.02).]
\scratchcounter=\count298
\scratchdimen=\dimen172
\scratchbox=\box100
\nofMPsegments=\count299
\nofMParguments=\count300
\everyMPshowfont=\toks25
\MPscratchCnt=\count301
\MPscratchDim=\dimen173
\MPnumerator=\count302
\makeMPintoPDFobject=\count303
\everyMPtoPDFconversion=\toks26
)
(C:\Users\ashas\AppData\Local\Programs\MiKTeX\tex/latex/epstopdf-pkg\epstopdf-b
ase.sty
Package: epstopdf-base 2020-01-24 v2.11 Base part for package epstopdf
Package epstopdf-base Info: Redefining graphics rule for `.eps' on input line 4
85.

(C:\Users\ashas\AppData\Local\Programs\MiKTeX\tex/latex/00miktex\epstopdf-sys.c
fg
File: epstopdf-sys.cfg 2021/03/18 v2.0 Configuration of epstopdf for MiKTeX
))
*geometry* driver: auto-detecting
*geometry* detected driver: pdftex
*geometry* verbose mode - [ preamble ] result:
* driver: pdftex
* paper: letterpaper
* layout: <same size as paper>
* layoutoffset:(h,v)=(0.0pt,0.0pt)
* modes: 
* h-part:(L,W,R)=(85.35826pt, 443.57848pt, 85.35826pt)
* v-part:(T,H,B)=(56.9055pt, 681.15898pt, 56.9055pt)
* \paperwidth=614.295pt
* \paperheight=794.96999pt
* \textwidth=443.57848pt
* \textheight=681.15898pt
* \oddsidemargin=13.08827pt
* \evensidemargin=13.08827pt
* \topmargin=-52.36449pt
* \headheight=12.0pt
* \headsep=25.0pt
* \topskip=10.0pt
* \footskip=30.0pt
* \marginparwidth=49.79231pt
* \marginparsep=11.0pt
* \columnsep=10.0pt
* \skip\footins=9.0pt plus 4.0pt minus 2.0pt
* \hoffset=0.0pt
* \voffset=0.0pt
* \mag=1000
* \@twocolumnfalse
* \@twosidefalse
* \@mparswitchfalse
* \@reversemarginfalse
* (1in=72.27pt=25.4mm, 1cm=28.453pt)

Package hyperref Info: Link coloring ON on input line 31.
(C:\Users\ashas\AppData\Local\Programs\MiKTeX\tex/latex/hyperref\nameref.sty
Package: nameref 2021-04-02 v2.47 Cross-referencing by name of section

(C:\Users\ashas\AppData\Local\Programs\MiKTeX\tex/latex/refcount\refcount.sty
Package: refcount 2019/12/15 v3.6 Data extraction from label references (HO)
)
(C:\Users\ashas\AppData\Local\Programs\MiKTeX\tex/generic/gettitlestring\gettit
lestring.sty
Package: gettitlestring 2019/12/15 v1.6 Cleanup title references (HO)
)
\c@section@level=\count304
)
LaTeX Info: Redefining \ref on input line 31.
LaTeX Info: Redefining \pageref on input line 31.
LaTeX Info: Redefining \nameref on input line 31.
 (ZF_SWEN1.out) (ZF_SWEN1.out)
\@outlinefile=\write3
\openout3 = `ZF_SWEN1.out'.

 (ZF_SWEN1.toc [1

{C:/Users/ashas/AppData/Local/MiKTeX/fonts/map/pdftex/pdftex.map}] [2])
\tf@toc=\write4
\openout4 = `ZF_SWEN1.toc'.

 [3]
(subfiles/Software Engineering.tex) (subfiles/Prozess und Prozess-Modell.tex
[4] [5]
<Resources/Images/CharaktersierungProzessmodellen.png, id=545, 655.69969pt x 28
8.3272pt>
File: Resources/Images/CharaktersierungProzessmodellen.png Graphic file (type p
ng)
<use Resources/Images/CharaktersierungProzessmodellen.png>
Package pdftex.def Info: Resources/Images/CharaktersierungProzessmodellen.png  
used on input line 111.
(pdftex.def)             Requested size: 133.07489pt x 58.51352pt.
) (subfiles/Modellierung.tex
Underfull \hbox (badness 10000) in paragraph at lines 5--7

 []

<Resources/Images/UML_Diagramme.png, id=547, 759.58781pt x 414.04688pt>
File: Resources/Images/UML_Diagramme.png Graphic file (type png)
<use Resources/Images/UML_Diagramme.png>
Package pdftex.def Info: Resources/Images/UML_Diagramme.png  used on input line
 22.
(pdftex.def)             Requested size: 133.07489pt x 72.5351pt.
[6
pdfTeX warning (ext4): destination with the same identifier (name{figure.1}) ha
s been already used, duplicate ignored
<argument> ...shipout:D \box_use:N \l_shipout_box 
                                                  \__shipout_drop_firstpage_...
l.40 		\item K
              omplette, ausführbare Spezifikation eines Software-Systems in...

pdfTeX warning (ext4): destination with the same identifier (name{figure.2}) ha
s been already used, duplicate ignored
<argument> ...shipout:D \box_use:N \l_shipout_box 
                                                  \__shipout_drop_firstpage_...
l.40 		\item K
              omplette, ausführbare Spezifikation eines Software-Systems in...
 <./Resources/Images/CharaktersierungProzessmodellen.png> <./Resources/Images/U
ML_Diagramme.png>]) (subfiles/Wesentliche Artefakte.tex [7])
(subfiles/Usability und User Experience (UX).tex
<Resources/Images/Usability.png, id=562, 431.36156pt x 272.51813pt>
File: Resources/Images/Usability.png Graphic file (type png)
<use Resources/Images/Usability.png>
Package pdftex.def Info: Resources/Images/Usability.png  used on input line 6.
(pdftex.def)             Requested size: 133.07489pt x 84.06807pt.

Underfull \hbox (badness 10000) in paragraph at lines 12--13

 []

[8
pdfTeX warning (ext4): destination with the same identifier (name{figure.3}) ha
s been already used, duplicate ignored
<argument> ...shipout:D \box_use:N \l_shipout_box 
                                                  \__shipout_drop_firstpage_...
l.15 	\item \textbf
                   {4 wichtige Aspekte} <./Resources/Images/Usability.png>]
[9] [10]) (subfiles/User-Centered Design (UCD).tex
<Resources/Images/UCD_Process.png, id=577, 707.64375pt x 603.0028pt>
File: Resources/Images/UCD_Process.png Graphic file (type png)
<use Resources/Images/UCD_Process.png>
Package pdftex.def Info: Resources/Images/UCD_Process.png  used on input line 6
.
(pdftex.def)             Requested size: 133.07489pt x 113.39398pt.
 [11
pdfTeX warning (ext4): destination with the same identifier (name{figure.4}) ha
s been already used, duplicate ignored
<argument> ...shipout:D \box_use:N \l_shipout_box 
                                                  \__shipout_drop_firstpage_...
l.46 	\item C
             ontextual Inquiry <./Resources/Images/UCD_Process.png>]
<Resources/Images/Stakeholdermap.png, id=584, 343.2825pt x 325.96782pt>
File: Resources/Images/Stakeholdermap.png Graphic file (type png)
<use Resources/Images/Stakeholdermap.png>
Package pdftex.def Info: Resources/Images/Stakeholdermap.png  used on input lin
e 81.
(pdftex.def)             Requested size: 133.07489pt x 126.36095pt.
<Resources/Images/Blueprint.png, id=585, 633.86812pt x 280.79906pt>
File: Resources/Images/Blueprint.png Graphic file (type png)
<use Resources/Images/Blueprint.png>
Package pdftex.def Info: Resources/Images/Blueprint.png  used on input line 87.

(pdftex.def)             Requested size: 133.07489pt x 58.9481pt.

Underfull \hbox (badness 10000) in paragraph at lines 95--96

 []

[12
pdfTeX warning (ext4): destination with the same identifier (name{figure.5}) ha
s been already used, duplicate ignored
<argument> ...shipout:D \box_use:N \l_shipout_box 
                                                  \__shipout_drop_firstpage_...
l.97 	\item A
             usgehend von den Resultaten des UCD -> User-Anforderungen ablei...

pdfTeX warning (ext4): destination with the same identifier (name{figure.6}) ha
s been already used, duplicate ignored
<argument> ...shipout:D \box_use:N \l_shipout_box 
                                                  \__shipout_drop_firstpage_...
l.97 	\item A
             usgehend von den Resultaten des UCD -> User-Anforderungen ablei...
 <./Resources/Images/Stakeholdermap.png> <./Resources/Images/Blueprint.png>]
<Resources/Images/UseCaseDiagramm.png, id=595, 283.81032pt x 240.9pt>
File: Resources/Images/UseCaseDiagramm.png Graphic file (type png)
<use Resources/Images/UseCaseDiagramm.png>
Package pdftex.def Info: Resources/Images/UseCaseDiagramm.png  used on input li
ne 165.
(pdftex.def)             Requested size: 133.07489pt x 112.95834pt.

[13]
<Resources/Images/UseCaseDiagramm2.png, id=601, 403.5075pt x 216.81pt>
File: Resources/Images/UseCaseDiagramm2.png Graphic file (type png)
<use Resources/Images/UseCaseDiagramm2.png>
Package pdftex.def Info: Resources/Images/UseCaseDiagramm2.png  used on input l
ine 174.
(pdftex.def)             Requested size: 133.07489pt x 71.50119pt.
<Resources/Images/Systemsequenzdiagramm.png, id=602, 630.10406pt x 508.90125pt>

File: Resources/Images/Systemsequenzdiagramm.png Graphic file (type png)
<use Resources/Images/Systemsequenzdiagramm.png>
Package pdftex.def Info: Resources/Images/Systemsequenzdiagramm.png  used on in
put line 184.
(pdftex.def)             Requested size: 133.07489pt x 107.4781pt.
<Resources/Images/SSD2.png, id=603, 554.07pt x 435.87843pt>
File: Resources/Images/SSD2.png Graphic file (type png)
<use Resources/Images/SSD2.png>
Package pdftex.def Info: Resources/Images/SSD2.png  used on input line 191.
(pdftex.def)             Requested size: 133.07489pt x 104.68611pt.
 [14
pdfTeX warning (ext4): destination with the same identifier (name{figure.7}) ha
s been already used, duplicate ignored
<argument> ...shipout:D \box_use:N \l_shipout_box 
                                                  \__shipout_drop_firstpage_...
l.200 		\item E
               vt. mit Parametern
pdfTeX warning (ext4): destination with the same identifier (name{figure.8}) ha
s been already used, duplicate ignored
<argument> ...shipout:D \box_use:N \l_shipout_box 
                                                  \__shipout_drop_firstpage_...
l.200 		\item E
               vt. mit Parametern
pdfTeX warning (ext4): destination with the same identifier (name{figure.9}) ha
s been already used, duplicate ignored
<argument> ...shipout:D \box_use:N \l_shipout_box 
                                                  \__shipout_drop_firstpage_...
l.200 		\item E
               vt. mit Parametern
pdfTeX warning (ext4): destination with the same identifier (name{figure.10}) h
as been already used, duplicate ignored
<argument> ...shipout:D \box_use:N \l_shipout_box 
                                                  \__shipout_drop_firstpage_...
l.200 		\item E
               vt. mit Parametern <./Resources/Images/UseCaseDiagramm.png> <./R
esources/Images/UseCaseDiagramm2.png> <./Resources/Images/Systemsequenzdiagramm
.png> <./Resources/Images/SSD2.png>]
Underfull \hbox (badness 10000) in paragraph at lines 210--211

 []

<Resources/Images/OperationContract.png, id=617, 494.59781pt x 423.83344pt>
File: Resources/Images/OperationContract.png Graphic file (type png)
<use Resources/Images/OperationContract.png>
Package pdftex.def Info: Resources/Images/OperationContract.png  used on input 
line 224.
(pdftex.def)             Requested size: 133.07489pt x 114.03558pt.
[15
pdfTeX warning (ext4): destination with the same identifier (name{figure.11}) h
as been already used, duplicate ignored
<argument> ...shipout:D \box_use:N \l_shipout_box 
                                                  \__shipout_drop_firstpage_...
l.267 		\item F
               ehlerrate, Wiederanlauffähigkeit, Vorhersagbarkeit, Datensic...
 <./Resources/Images/OperationContract.png>])
(subfiles/Domaenenmodellierung.tex
Underfull \hbox (badness 10000) in paragraph at lines 13--16

 []

[16]
<Resources/Images/DM1.png, id=634, 643.6547pt x 479.54156pt>
File: Resources/Images/DM1.png Graphic file (type png)
<use Resources/Images/DM1.png>
Package pdftex.def Info: Resources/Images/DM1.png  used on input line 25.
(pdftex.def)             Requested size: 133.07489pt x 99.14081pt.
<Resources/Images/DM2.png, id=635, 690.32906pt x 519.44063pt>
File: Resources/Images/DM2.png Graphic file (type png)
<use Resources/Images/DM2.png>
Package pdftex.def Info: Resources/Images/DM2.png  used on input line 33.
(pdftex.def)             Requested size: 133.07489pt x 100.12935pt.
<Resources/Images/DM3.png, id=636, 715.92468pt x 522.45187pt>
File: Resources/Images/DM3.png Graphic file (type png)
<use Resources/Images/DM3.png>
Package pdftex.def Info: Resources/Images/DM3.png  used on input line 39.
(pdftex.def)             Requested size: 133.07489pt x 97.10648pt.
<Resources/Images/Kategorienliste1.png, id=637, 867.24pt x 391.4625pt>
File: Resources/Images/Kategorienliste1.png Graphic file (type png)
<use Resources/Images/Kategorienliste1.png>
Package pdftex.def Info: Resources/Images/Kategorienliste1.png  used on input l
ine 73.
(pdftex.def)             Requested size: 133.07489pt x 60.06679pt.
<Resources/Images/Kategorienliste2.png, id=638, 872.50969pt x 339.51843pt>
File: Resources/Images/Kategorienliste2.png Graphic file (type png)
<use Resources/Images/Kategorienliste2.png>
Package pdftex.def Info: Resources/Images/Kategorienliste2.png  used on input l
ine 81.
(pdftex.def)             Requested size: 133.07489pt x 51.78036pt.
<Resources/Images/Kategorienliste3.png, id=639, 855.94781pt x 348.55219pt>
File: Resources/Images/Kategorienliste3.png Graphic file (type png)
<use Resources/Images/Kategorienliste3.png>
Package pdftex.def Info: Resources/Images/Kategorienliste3.png  used on input l
ine 87.
(pdftex.def)             Requested size: 133.07489pt x 54.1899pt.
 [17
pdfTeX warning (ext4): destination with the same identifier (name{figure.12}) h
as been already used, duplicate ignored
<argument> ...shipout:D \box_use:N \l_shipout_box 
                                                  \__shipout_drop_firstpage_...
l.111 \begin
            {figure}[H]
pdfTeX warning (ext4): destination with the same identifier (name{figure.13}) h
as been already used, duplicate ignored
<argument> ...shipout:D \box_use:N \l_shipout_box 
                                                  \__shipout_drop_firstpage_...
l.111 \begin
            {figure}[H]
pdfTeX warning (ext4): destination with the same identifier (name{figure.14}) h
as been already used, duplicate ignored
<argument> ...shipout:D \box_use:N \l_shipout_box 
                                                  \__shipout_drop_firstpage_...
l.111 \begin
            {figure}[H]
pdfTeX warning (ext4): destination with the same identifier (name{figure.15}) h
as been already used, duplicate ignored
<argument> ...shipout:D \box_use:N \l_shipout_box 
                                                  \__shipout_drop_firstpage_...
l.111 \begin
            {figure}[H]
pdfTeX warning (ext4): destination with the same identifier (name{figure.16}) h
as been already used, duplicate ignored
<argument> ...shipout:D \box_use:N \l_shipout_box 
                                                  \__shipout_drop_firstpage_...
l.111 \begin
            {figure}[H]
pdfTeX warning (ext4): destination with the same identifier (name{figure.17}) h
as been already used, duplicate ignored
<argument> ...shipout:D \box_use:N \l_shipout_box 
                                                  \__shipout_drop_firstpage_...
l.111 \begin
            {figure}[H] <./Resources/Images/DM1.png> <./Resources/Images/DM2.pn
g> <./Resources/Images/DM3.png> <./Resources/Images/Kategorienliste1.png> <./Re
sources/Images/Kategorienliste2.png> <./Resources/Images/Kategorienliste3.png>]
<Resources/Images/AntiPattern1.png, id=668, 342.5297pt x 76.03406pt>
File: Resources/Images/AntiPattern1.png Graphic file (type png)
<use Resources/Images/AntiPattern1.png>
Package pdftex.def Info: Resources/Images/AntiPattern1.png  used on input line 
113.
(pdftex.def)             Requested size: 133.07489pt x 29.54062pt.
<Resources/Images/AntiPattern2.png, id=669, 357.58594pt x 63.23625pt>
File: Resources/Images/AntiPattern2.png Graphic file (type png)
<use Resources/Images/AntiPattern2.png>
Package pdftex.def Info: Resources/Images/AntiPattern2.png  used on input line 
119.
(pdftex.def)             Requested size: 133.07489pt x 23.53308pt.
<Resources/Images/AntiPatternSoftware.png, id=670, 912.40875pt x 412.54124pt>
File: Resources/Images/AntiPatternSoftware.png Graphic file (type png)
<use Resources/Images/AntiPatternSoftware.png>
Package pdftex.def Info: Resources/Images/AntiPatternSoftware.png  used on inpu
t line 141.
(pdftex.def)             Requested size: 133.07489pt x 60.1663pt.
<Resources/Images/BeispielDomänenmodell.png, id=671, 616.55344pt x 493.845pt>
File: Resources/Images/BeispielDomänenmodell.png Graphic file (type png)
<use Resources/Images/BeispielDomänenmodell.png>
Package pdftex.def Info: Resources/Images/BeispielDomänenmodell.png  used on i
nput line 150.
(pdftex.def)             Requested size: 133.07489pt x 106.58905pt.
<Resources/Images/Beschreibungsklassen.png, id=672, 322.95656pt x 70.76437pt>
File: Resources/Images/Beschreibungsklassen.png Graphic file (type png)
<use Resources/Images/Beschreibungsklassen.png>
Package pdftex.def Info: Resources/Images/Beschreibungsklassen.png  used on inp
ut line 164.
(pdftex.def)             Requested size: 133.07489pt x 29.15826pt.
<Resources/Images/BeschreibungsklasseFlug.png, id=673, 276.28218pt x 135.50626p
t>
File: Resources/Images/BeschreibungsklasseFlug.png Graphic file (type png)
<use Resources/Images/BeschreibungsklasseFlug.png>
Package pdftex.def Info: Resources/Images/BeschreibungsklasseFlug.png  used on 
input line 170.
(pdftex.def)             Requested size: 133.07489pt x 65.26762pt.

Overfull \vbox (10.31224pt too high) has occurred while \output is active []


[18
pdfTeX warning (ext4): destination with the same identifier (name{figure.18}) h
as been already used, duplicate ignored
<argument> ...shipout:D \box_use:N \l_shipout_box 
                                                  \__shipout_drop_firstpage_...
l.173 			\end{multicols}
                        
pdfTeX warning (ext4): destination with the same identifier (name{figure.19}) h
as been already used, duplicate ignored
<argument> ...shipout:D \box_use:N \l_shipout_box 
                                                  \__shipout_drop_firstpage_...
l.173 			\end{multicols}
                        
pdfTeX warning (ext4): destination with the same identifier (name{figure.20}) h
as been already used, duplicate ignored
<argument> ...shipout:D \box_use:N \l_shipout_box 
                                                  \__shipout_drop_firstpage_...
l.173 			\end{multicols}
                        
pdfTeX warning (ext4): destination with the same identifier (name{figure.21}) h
as been already used, duplicate ignored
<argument> ...shipout:D \box_use:N \l_shipout_box 
                                                  \__shipout_drop_firstpage_...
l.173 			\end{multicols}
                        
pdfTeX warning (ext4): destination with the same identifier (name{figure.22}) h
as been already used, duplicate ignored
<argument> ...shipout:D \box_use:N \l_shipout_box 
                                                  \__shipout_drop_firstpage_...
l.173 			\end{multicols}
                        
pdfTeX warning (ext4): destination with the same identifier (name{figure.23}) h
as been already used, duplicate ignored
<argument> ...shipout:D \box_use:N \l_shipout_box 
                                                  \__shipout_drop_firstpage_...
l.173 			\end{multicols}
                         <./Resources/Images/AntiPattern1.png> <./Resources/Ima
ges/AntiPattern2.png> <./Resources/Images/AntiPatternSoftware.png> <./Resources
/Images/BeispielDomänenmodell.png> <./Resources/Images/Beschreibungsklassen.pn
g> <./Resources/Images/BeschreibungsklasseFlug.png>]
<Resources/Images/GeneralisierungSpezialisierung.png, id=690, 933.4875pt x 305.
64188pt>
File: Resources/Images/GeneralisierungSpezialisierung.png Graphic file (type pn
g)
<use Resources/Images/GeneralisierungSpezialisierung.png>
Package pdftex.def Info: Resources/Images/GeneralisierungSpezialisierung.png  u
sed on input line 180.
(pdftex.def)             Requested size: 133.07489pt x 43.5684pt.

Underfull \hbox (badness 10000) in paragraph at lines 181--181
[]\OT1/cmr/m/n/10 Abbildung 24:
 []

<Resources/Images/GeneralisierungSpezialisierungAttribute.png, id=691, 477.2831
3pt x 242.40562pt>
File: Resources/Images/GeneralisierungSpezialisierungAttribute.png Graphic file
 (type png)
<use Resources/Images/GeneralisierungSpezialisierungAttribute.png>
Package pdftex.def Info: Resources/Images/GeneralisierungSpezialisierungAttribu
te.png  used on input line 186.
(pdftex.def)             Requested size: 133.07489pt x 67.5846pt.

Underfull \hbox (badness 10000) in paragraph at lines 187--187
[]\OT1/cmr/m/n/10 Abbildung 25:
 []

<Resources/Images/Zustände.png, id=692, 405.76593pt x 225.09094pt>
File: Resources/Images/Zustände.png Graphic file (type png)
<use Resources/Images/Zustände.png>
Package pdftex.def Info: Resources/Images/Zustände.png  used on input line 196
.
(pdftex.def)             Requested size: 133.07489pt x 73.82343pt.
<Resources/Images/DMRolleName.png, id=693, 556.32843pt x 417.81094pt>
File: Resources/Images/DMRolleName.png Graphic file (type png)
<use Resources/Images/DMRolleName.png>
Package pdftex.def Info: Resources/Images/DMRolleName.png  used on input line 2
04.
(pdftex.def)             Requested size: 133.07489pt x 99.93878pt.
<Resources/Images/DMRolleKonzept.png, id=694, 704.6325pt x 372.64218pt>
File: Resources/Images/DMRolleKonzept.png Graphic file (type png)
<use Resources/Images/DMRolleKonzept.png>
Package pdftex.def Info: Resources/Images/DMRolleKonzept.png  used on input lin
e 210.
(pdftex.def)             Requested size: 133.07489pt x 70.37628pt.
<Resources/Images/Assoziationsklasse.png, id=695, 425.33907pt x 145.29282pt>
File: Resources/Images/Assoziationsklasse.png Graphic file (type png)
<use Resources/Images/Assoziationsklasse.png>
Package pdftex.def Info: Resources/Images/Assoziationsklasse.png  used on input
 line 219.
(pdftex.def)             Requested size: 133.07489pt x 45.45709pt.

Overfull \hbox (66.76851pt too wide) in paragraph at lines 217--221
[]\OT1/cmr/m/n/10 Wenn As-so-zia-tio-nen ei-ge-ne At-tri-bu-te ha-ben (Mer-chan
-tID f[]ur Kre-dit-kar-te Gesch[]aft<->AuthorizationService): 
 []

<Resources/Images/Einheiten.png, id=696, 444.15938pt x 155.07938pt>
File: Resources/Images/Einheiten.png Graphic file (type png)
<use Resources/Images/Einheiten.png>
Package pdftex.def Info: Resources/Images/Einheiten.png  used on input line 227
.
(pdftex.def)             Requested size: 133.07489pt x 46.46263pt.
[19
pdfTeX warning (ext4): destination with the same identifier (name{figure.24}) h
as been already used, duplicate ignored
<argument> ...shipout:D \box_use:N \l_shipout_box 
                                                  \__shipout_drop_firstpage_...
l.230 	\end{itemize}
                    
pdfTeX warning (ext4): destination with the same identifier (name{figure.25}) h
as been already used, duplicate ignored
<argument> ...shipout:D \box_use:N \l_shipout_box 
                                                  \__shipout_drop_firstpage_...
l.230 	\end{itemize}
                    
pdfTeX warning (ext4): destination with the same identifier (name{figure.26}) h
as been already used, duplicate ignored
<argument> ...shipout:D \box_use:N \l_shipout_box 
                                                  \__shipout_drop_firstpage_...
l.230 	\end{itemize}
                    
pdfTeX warning (ext4): destination with the same identifier (name{figure.27}) h
as been already used, duplicate ignored
<argument> ...shipout:D \box_use:N \l_shipout_box 
                                                  \__shipout_drop_firstpage_...
l.230 	\end{itemize}
                    
pdfTeX warning (ext4): destination with the same identifier (name{figure.28}) h
as been already used, duplicate ignored
<argument> ...shipout:D \box_use:N \l_shipout_box 
                                                  \__shipout_drop_firstpage_...
l.230 	\end{itemize}
                    
pdfTeX warning (ext4): destination with the same identifier (name{figure.29}) h
as been already used, duplicate ignored
<argument> ...shipout:D \box_use:N \l_shipout_box 
                                                  \__shipout_drop_firstpage_...
l.230 	\end{itemize}
                     <./Resources/Images/GeneralisierungSpezialisierung.png> <.
/Resources/Images/GeneralisierungSpezialisierungAttribute.png> <./Resources/Ima
ges/Zustände.png> <./Resources/Images/DMRolleName.png> <./Resources/Images/DMR
olleKonzept.png> <./Resources/Images/Assoziationsklasse.png>]
<Resources/Images/Zeitintervall.png, id=714, 456.95718pt x 161.10187pt>
File: Resources/Images/Zeitintervall.png Graphic file (type png)
<use Resources/Images/Zeitintervall.png>
Package pdftex.def Info: Resources/Images/Zeitintervall.png  used on input line
 235.
(pdftex.def)             Requested size: 133.07489pt x 46.915pt.
)
(subfiles/Softwarearchitektur.tex

Package hyperref Warning: Difference (2) between bookmark levels is greater 
(hyperref)                than one, level fixed on input line 22.

[20
pdfTeX warning (ext4): destination with the same identifier (name{figure.30}) h
as been already used, duplicate ignored
<argument> ...shipout:D \box_use:N \l_shipout_box 
                                                  \__shipout_drop_firstpage_...
l.52 	\item U
             se Case / User Story Realisierung
pdfTeX warning (ext4): destination with the same identifier (name{figure.31}) h
as been already used, duplicate ignored
<argument> ...shipout:D \box_use:N \l_shipout_box 
                                                  \__shipout_drop_firstpage_...
l.52 	\item U
             se Case / User Story Realisierung <./Resources/Images/Einheiten.pn
g> <./Resources/Images/Zeitintervall.png>]
<Resources/Images/Übersicht.png, id=724, 557.08125pt x 527.72156pt>
File: Resources/Images/Übersicht.png Graphic file (type png)
<use Resources/Images/Übersicht.png>
Package pdftex.def Info: Resources/Images/Übersicht.png  used on input line 61
.
(pdftex.def)             Requested size: 133.07489pt x 126.05988pt.
<Resources/Images/ArchitekturEntstehung.png, id=725, 594.72188pt x 284.56313pt>

File: Resources/Images/ArchitekturEntstehung.png Graphic file (type png)
<use Resources/Images/ArchitekturEntstehung.png>
Package pdftex.def Info: Resources/Images/ArchitekturEntstehung.png  used on in
put line 69.
(pdftex.def)             Requested size: 133.07489pt x 63.67223pt.
<Resources/Images/TwinPeak.png, id=726, 642.14906pt x 493.845pt>
File: Resources/Images/TwinPeak.png Graphic file (type png)
<use Resources/Images/TwinPeak.png>
Package pdftex.def Info: Resources/Images/TwinPeak.png  used on input line 91.
(pdftex.def)             Requested size: 133.07489pt x 102.33905pt.
 [21
pdfTeX warning (ext4): destination with the same identifier (name{figure.32}) h
as been already used, duplicate ignored
<argument> ...shipout:D \box_use:N \l_shipout_box 
                                                  \__shipout_drop_firstpage_...
l.94 
     
pdfTeX warning (ext4): destination with the same identifier (name{figure.33}) h
as been already used, duplicate ignored
<argument> ...shipout:D \box_use:N \l_shipout_box 
                                                  \__shipout_drop_firstpage_...
l.94 
      <./Resources/Images/Übersicht.png> <./Resources/Images/ArchitekturEntste
hung.png>]
<Resources/Images/EntwurfsEntscheidungen.png, id=738, 621.07031pt x 290.58563pt
>
File: Resources/Images/EntwurfsEntscheidungen.png Graphic file (type png)
<use Resources/Images/EntwurfsEntscheidungen.png>
Package pdftex.def Info: Resources/Images/EntwurfsEntscheidungen.png  used on i
nput line 97.
(pdftex.def)             Requested size: 133.07489pt x 62.26186pt.
<Resources/Images/NichtfunktionaleAnforderungen.png, id=739, 633.11531pt x 238.
64156pt>
File: Resources/Images/NichtfunktionaleAnforderungen.png Graphic file (type png
)
<use Resources/Images/NichtfunktionaleAnforderungen.png>
Package pdftex.def Info: Resources/Images/NichtfunktionaleAnforderungen.png  us
ed on input line 103.
(pdftex.def)             Requested size: 133.07489pt x 50.1599pt.
<Resources/Images/Schnittstellen.png, id=740, 541.27219pt x 295.85532pt>
File: Resources/Images/Schnittstellen.png Graphic file (type png)
<use Resources/Images/Schnittstellen.png>
Package pdftex.def Info: Resources/Images/Schnittstellen.png  used on input lin
e 123.
(pdftex.def)             Requested size: 133.07489pt x 72.73573pt.
<Resources/Images/ModularenStruktur.png, id=741, 450.18187pt x 341.77687pt>
File: Resources/Images/ModularenStruktur.png Graphic file (type png)
<use Resources/Images/ModularenStruktur.png>
Package pdftex.def Info: Resources/Images/ModularenStruktur.png  used on input 
line 131.
(pdftex.def)             Requested size: 133.07489pt x 101.0319pt.
 [22
pdfTeX warning (ext4): destination with the same identifier (name{figure.34}) h
as been already used, duplicate ignored
<argument> ...shipout:D \box_use:N \l_shipout_box 
                                                  \__shipout_drop_firstpage_...
l.136 \end{multicols}
                     
pdfTeX warning (ext4): destination with the same identifier (name{figure.35}) h
as been already used, duplicate ignored
<argument> ...shipout:D \box_use:N \l_shipout_box 
                                                  \__shipout_drop_firstpage_...
l.136 \end{multicols}
                     
pdfTeX warning (ext4): destination with the same identifier (name{figure.36}) h
as been already used, duplicate ignored
<argument> ...shipout:D \box_use:N \l_shipout_box 
                                                  \__shipout_drop_firstpage_...
l.136 \end{multicols}
                     
pdfTeX warning (ext4): destination with the same identifier (name{figure.37}) h
as been already used, duplicate ignored
<argument> ...shipout:D \box_use:N \l_shipout_box 
                                                  \__shipout_drop_firstpage_...
l.136 \end{multicols}
                     
pdfTeX warning (ext4): destination with the same identifier (name{figure.38}) h
as been already used, duplicate ignored
<argument> ...shipout:D \box_use:N \l_shipout_box 
                                                  \__shipout_drop_firstpage_...
l.136 \end{multicols}
                      <./Resources/Images/TwinPeak.png> <./Resources/Images/Ent
wurfsEntscheidungen.png> <./Resources/Images/NichtfunktionaleAnforderungen.png>
 <./Resources/Images/Schnittstellen.png> <./Resources/Images/ModularenStruktur.
png>]
<Resources/Images/CleanArchitecture.png, id=756, 571.38469pt x 410.2828pt>
File: Resources/Images/CleanArchitecture.png Graphic file (type png)
<use Resources/Images/CleanArchitecture.png>
Package pdftex.def Info: Resources/Images/CleanArchitecture.png  used on input 
line 157.
(pdftex.def)             Requested size: 133.07489pt x 95.55254pt.

Underfull \hbox (badness 10000) in paragraph at lines 174--175

 []

[23
pdfTeX warning (ext4): destination with the same identifier (name{figure.39}) h
as been already used, duplicate ignored
<argument> ...shipout:D \box_use:N \l_shipout_box 
                                                  \__shipout_drop_firstpage_...
l.205 				\item P
                 rozesse <./Resources/Images/CleanArchitecture.png>] [24]
<Resources/Images/LogischeArchitektur.png, id=767, 279.29344pt x 214.55156pt>
File: Resources/Images/LogischeArchitektur.png Graphic file (type png)
<use Resources/Images/LogischeArchitektur.png>
Package pdftex.def Info: Resources/Images/LogischeArchitektur.png  used on inpu
t line 284.
(pdftex.def)             Requested size: 133.07489pt x 102.23059pt.
<Resources/Images/VermeidungArch.png, id=768, 243.15843pt x 225.84375pt>
File: Resources/Images/VermeidungArch.png Graphic file (type png)
<use Resources/Images/VermeidungArch.png>
Package pdftex.def Info: Resources/Images/VermeidungArch.png  used on input lin
e 291.
(pdftex.def)             Requested size: 133.07489pt x 123.59758pt.
<Resources/Images/Arc42.png, id=769, 637.63219pt x 377.91188pt>
File: Resources/Images/Arc42.png Graphic file (type png)
<use Resources/Images/Arc42.png>
Package pdftex.def Info: Resources/Images/Arc42.png  used on input line 297.
(pdftex.def)             Requested size: 133.07489pt x 78.86792pt.
<Resources/Images/PaketDiagramm1.png, id=770, 341.77687pt x 329.73187pt>
File: Resources/Images/PaketDiagramm1.png Graphic file (type png)
<use Resources/Images/PaketDiagramm1.png>
Package pdftex.def Info: Resources/Images/PaketDiagramm1.png  used on input lin
e 312.
(pdftex.def)             Requested size: 133.07489pt x 128.38861pt.
<Resources/Images/PaketDiagramm2.png, id=771, 362.10281pt x 324.46219pt>
File: Resources/Images/PaketDiagramm2.png Graphic file (type png)
<use Resources/Images/PaketDiagramm2.png>
Package pdftex.def Info: Resources/Images/PaketDiagramm2.png  used on input lin
e 316.
(pdftex.def)             Requested size: 133.07489pt x 119.24213pt.
<Resources/Images/PaketDiagramm3.png, id=772, 448.67625pt x 288.3272pt>
File: Resources/Images/PaketDiagramm3.png Graphic file (type png)
<use Resources/Images/PaketDiagramm3.png>
Package pdftex.def Info: Resources/Images/PaketDiagramm3.png  used on input lin
e 321.
(pdftex.def)             Requested size: 133.07489pt x 85.51332pt.
<Resources/Images/VerteilungsDiagramm.png, id=773, 374.14781pt x 246.9225pt>
File: Resources/Images/VerteilungsDiagramm.png Graphic file (type png)
<use Resources/Images/VerteilungsDiagramm.png>
Package pdftex.def Info: Resources/Images/VerteilungsDiagramm.png  used on inpu
t line 334.
(pdftex.def)             Requested size: 133.07489pt x 87.82198pt.

[25
pdfTeX warning (ext4): destination with the same identifier (name{figure.40}) h
as been already used, duplicate ignored
<argument> ...shipout:D \box_use:N \l_shipout_box 
                                                  \__shipout_drop_firstpage_...
l.337 
      
pdfTeX warning (ext4): destination with the same identifier (name{figure.41}) h
as been already used, duplicate ignored
<argument> ...shipout:D \box_use:N \l_shipout_box 
                                                  \__shipout_drop_firstpage_...
l.337 
      
pdfTeX warning (ext4): destination with the same identifier (name{figure.42}) h
as been already used, duplicate ignored
<argument> ...shipout:D \box_use:N \l_shipout_box 
                                                  \__shipout_drop_firstpage_...
l.337 
      
pdfTeX warning (ext4): destination with the same identifier (name{figure.43}) h
as been already used, duplicate ignored
<argument> ...shipout:D \box_use:N \l_shipout_box 
                                                  \__shipout_drop_firstpage_...
l.337 
      
pdfTeX warning (ext4): destination with the same identifier (name{figure.44}) h
as been already used, duplicate ignored
<argument> ...shipout:D \box_use:N \l_shipout_box 
                                                  \__shipout_drop_firstpage_...
l.337 
      
pdfTeX warning (ext4): destination with the same identifier (name{figure.45}) h
as been already used, duplicate ignored
<argument> ...shipout:D \box_use:N \l_shipout_box 
                                                  \__shipout_drop_firstpage_...
l.337 
       <./Resources/Images/LogischeArchitektur.png> <./Resources/Images/Vermeid
ungArch.png> <./Resources/Images/Arc42.png> <./Resources/Images/PaketDiagramm1.
png> <./Resources/Images/PaketDiagramm2.png> <./Resources/Images/PaketDiagramm3
.png>]
Overfull \hbox (8.60913pt too wide) in paragraph at lines 343--365
[][] 
 []

<Resources/Images/LayeredPattern1.png, id=791, 108.405pt x 178.41656pt>
File: Resources/Images/LayeredPattern1.png Graphic file (type png)
<use Resources/Images/LayeredPattern1.png>
Package pdftex.def Info: Resources/Images/LayeredPattern1.png  used on input li
ne 380.
(pdftex.def)             Requested size: 133.07489pt x 219.0454pt.
[26
pdfTeX warning (ext4): destination with the same identifier (name{figure.46}) h
as been already used, duplicate ignored
<argument> ...shipout:D \box_use:N \l_shipout_box 
                                                  \__shipout_drop_firstpage_...
l.387 
      
pdfTeX warning (ext4): destination with the same identifier (name{figure.47}) h
as been already used, duplicate ignored
<argument> ...shipout:D \box_use:N \l_shipout_box 
                                                  \__shipout_drop_firstpage_...
l.387 
       <./Resources/Images/VerteilungsDiagramm.png> <./Resources/Images/Layered
Pattern1.png>]
<Resources/Images/AnrufSzenarienH.png, id=800, 355.3275pt x 326.72063pt>
File: Resources/Images/AnrufSzenarienH.png Graphic file (type png)
<use Resources/Images/AnrufSzenarienH.png>
Package pdftex.def Info: Resources/Images/AnrufSzenarienH.png  used on input li
ne 392.
(pdftex.def)             Requested size: 133.07489pt x 122.36537pt.
<Resources/Images/AnrufSzenarienObserver.png, id=801, 380.17032pt x 340.27126pt
>
File: Resources/Images/AnrufSzenarienObserver.png Graphic file (type png)
<use Resources/Images/AnrufSzenarienObserver.png>
Package pdftex.def Info: Resources/Images/AnrufSzenarienObserver.png  used on i
nput line 400.
(pdftex.def)             Requested size: 133.07489pt x 119.11229pt.

Underfull \hbox (badness 5802) in paragraph at lines 431--432
[]\OT1/cmr/m/n/10 Datenstrukturen, Threads, Da-tei-en,
 []

<Resources/Images/LayeredPattern2.png, id=802, 304.88907pt x 575.90157pt>
File: Resources/Images/LayeredPattern2.png Graphic file (type png)
<use Resources/Images/LayeredPattern2.png>
Package pdftex.def Info: Resources/Images/LayeredPattern2.png  used on input li
ne 436.
(pdftex.def)             Requested size: 133.07489pt x 251.36755pt.
<Resources/Images/ServerClient.png, id=803, 192.72pt x 204.765pt>
File: Resources/Images/ServerClient.png Graphic file (type png)
<use Resources/Images/ServerClient.png>
Package pdftex.def Info: Resources/Images/ServerClient.png  used on input line 
454.
(pdftex.def)             Requested size: 133.07489pt x 141.3911pt.
[27
pdfTeX warning (ext4): destination with the same identifier (name{figure.48}) h
as been already used, duplicate ignored
<argument> ...shipout:D \box_use:N \l_shipout_box 
                                                  \__shipout_drop_firstpage_...
l.458 \end{multicols}
                     
pdfTeX warning (ext4): destination with the same identifier (name{figure.49}) h
as been already used, duplicate ignored
<argument> ...shipout:D \box_use:N \l_shipout_box 
                                                  \__shipout_drop_firstpage_...
l.458 \end{multicols}
                     
pdfTeX warning (ext4): destination with the same identifier (name{figure.50}) h
as been already used, duplicate ignored
<argument> ...shipout:D \box_use:N \l_shipout_box 
                                                  \__shipout_drop_firstpage_...
l.458 \end{multicols}
                     
pdfTeX warning (ext4): destination with the same identifier (name{figure.51}) h
as been already used, duplicate ignored
<argument> ...shipout:D \box_use:N \l_shipout_box 
                                                  \__shipout_drop_firstpage_...
l.458 \end{multicols}
                      <./Resources/Images/AnrufSzenarienH.png> <./Resources/Ima
ges/AnrufSzenarienObserver.png> <./Resources/Images/LayeredPattern2.png> <./Res
ources/Images/ServerClient.png>]
<Resources/Images/MasterSlave.png, id=816, 322.95656pt x 139.27031pt>
File: Resources/Images/MasterSlave.png Graphic file (type png)
<use Resources/Images/MasterSlave.png>
Package pdftex.def Info: Resources/Images/MasterSlave.png  used on input line 4
70.
(pdftex.def)             Requested size: 133.07489pt x 57.38594pt.
<Resources/Images/PipeFilter.png, id=817, 286.82156pt x 88.07906pt>
File: Resources/Images/PipeFilter.png Graphic file (type png)
<use Resources/Images/PipeFilter.png>
Package pdftex.def Info: Resources/Images/PipeFilter.png  used on input line 48
5.
(pdftex.def)             Requested size: 133.07489pt x 40.86627pt.
<Resources/Images/BrokerPattern.png, id=818, 281.55188pt x 174.6525pt>
File: Resources/Images/BrokerPattern.png Graphic file (type png)
<use Resources/Images/BrokerPattern.png>
Package pdftex.def Info: Resources/Images/BrokerPattern.png  used on input line
 501.
(pdftex.def)             Requested size: 133.07489pt x 82.55038pt.

Underfull \hbox (badness 10000) in paragraph at lines 517--518
[][][][][][][] \OT1/cmr/m/n/10 pu-bli-zie-ren Mel-dun-gen
 []

<Resources/Images/EventBus.png, id=819, 426.84468pt x 273.27094pt>
File: Resources/Images/EventBus.png Graphic file (type png)
<use Resources/Images/EventBus.png>
Package pdftex.def Info: Resources/Images/EventBus.png  used on input line 526.

(pdftex.def)             Requested size: 133.07489pt x 85.1968pt.
[28
pdfTeX warning (ext4): destination with the same identifier (name{figure.52}) h
as been already used, duplicate ignored
<argument> ...shipout:D \box_use:N \l_shipout_box 
                                                  \__shipout_drop_firstpage_...
l.533 
      
pdfTeX warning (ext4): destination with the same identifier (name{figure.53}) h
as been already used, duplicate ignored
<argument> ...shipout:D \box_use:N \l_shipout_box 
                                                  \__shipout_drop_firstpage_...
l.533 
      
pdfTeX warning (ext4): destination with the same identifier (name{figure.54}) h
as been already used, duplicate ignored
<argument> ...shipout:D \box_use:N \l_shipout_box 
                                                  \__shipout_drop_firstpage_...
l.533 
      
pdfTeX warning (ext4): destination with the same identifier (name{figure.55}) h
as been already used, duplicate ignored
<argument> ...shipout:D \box_use:N \l_shipout_box 
                                                  \__shipout_drop_firstpage_...
l.533 
       <./Resources/Images/MasterSlave.png> <./Resources/Images/PipeFilter.png>
 <./Resources/Images/BrokerPattern.png> <./Resources/Images/EventBus.png>]
<Resources/Images/MVC.png, id=836, 330.48468pt x 312.41719pt>
File: Resources/Images/MVC.png Graphic file (type png)
<use Resources/Images/MVC.png>
Package pdftex.def Info: Resources/Images/MVC.png  used on input line 554.
(pdftex.def)             Requested size: 133.07489pt x 125.80367pt.
)
(subfiles/Softwarearchitektur_2.tex
Underfull \hbox (badness 10000) in paragraph at lines 26--27

 []

[29
pdfTeX warning (ext4): destination with the same identifier (name{figure.56}) h
as been already used, duplicate ignored
<argument> ...shipout:D \box_use:N \l_shipout_box 
                                                  \__shipout_drop_firstpage_...
l.50 \paragraph
               {UML-Diagramme: } Gemeinsame Sprache um Use-Case-Realisierung...
 <./Resources/Images/MVC.png>] [30]
Underfull \hbox (badness 10000) in paragraph at lines 109--110

 []

[31] [32]
Underfull \hbox (badness 10000) in paragraph at lines 234--237

 []

[33] [34]
Underfull \hbox (badness 10000) in paragraph at lines 310--313

 []


Underfull \hbox (badness 10000) in paragraph at lines 325--329

 []

<Resources/Images/Controller.png, id=902, 588.69937pt x 319.1925pt>
File: Resources/Images/Controller.png Graphic file (type png)
<use Resources/Images/Controller.png>
Package pdftex.def Info: Resources/Images/Controller.png  used on input line 34
4.
(pdftex.def)             Requested size: 133.07489pt x 72.15128pt.
[35
pdfTeX warning (ext4): destination with the same identifier (name{figure.57}) h
as been already used, duplicate ignored
<argument> ...shipout:D \box_use:N \l_shipout_box 
                                                  \__shipout_drop_firstpage_...
l.359 	\end{itemize}
                     <./Resources/Images/Controller.png>]
Overfull \hbox (4.56107pt too wide) in paragraph at lines 405--406
[]\OT1/cmr/m/n/10 viele Si-tua-tio-nen wo es Pro-ble-me gibt wenn Ver-ant-wort-
lich-kei-ten der Klas-se in der Dom[]anenschicht
 []


Underfull \hbox (badness 10000) in paragraph at lines 408--409

 []


Underfull \hbox (badness 10000) in paragraph at lines 417--420

 []

[36]
Underfull \hbox (badness 10000) in paragraph at lines 430--432

 []


Underfull \hbox (badness 10000) in paragraph at lines 433--434

 []

) (subfiles/Implementation.tex

Package hyperref Warning: Difference (2) between bookmark levels is greater 
(hyperref)                than one, level fixed on input line 4.

[37] [38] [39] [40]) (subfiles/EntwurfDesignPattern1.tex [41] [42] [43])
(subfiles/EntwurfDesignPattern2.tex [44] [45]) [46] (ZF_SWEN1.aux)

LaTeX Warning: Label(s) may have changed. Rerun to get cross-references right.


Package rerunfilecheck Warning: File `ZF_SWEN1.out' has changed.
(rerunfilecheck)                Rerun to get outlines right
(rerunfilecheck)                or use package `bookmark'.

Package rerunfilecheck Info: Checksums for `ZF_SWEN1.out':
(rerunfilecheck)             Before: 460EDABBCD4DECFB80786FB22083E242;17133
(rerunfilecheck)             After:  2FBC76D756A5004DE90C9A13EEACD04E;17926.
 ) 
Here is how much of TeX's memory you used:
 12053 strings out of 478582
 202021 string characters out of 2844345
 518768 words of memory out of 3000000
 29691 multiletter control sequences out of 15000+600000
 474977 words of font info for 48 fonts, out of 8000000 for 9000
 1141 hyphenation exceptions out of 8191
 60i,9n,63p,424b,602s stack positions out of 10000i,1000n,20000p,200000b,80000s
 <C:\Users\ashas\AppData\Local\MiKTeX\fonts/pk/ljfour/jknappen/ec/dpi600\tcrm
1000.pk><C:/Users/ashas/AppData/Local/Programs/MiKTeX/fonts/type1/public/amsfon
ts/cm/cmbx10.pfb><C:/Users/ashas/AppData/Local/Programs/MiKTeX/fonts/type1/publ
ic/amsfonts/cm/cmbx12.pfb><C:/Users/ashas/AppData/Local/Programs/MiKTeX/fonts/t
ype1/public/amsfonts/cm/cmr10.pfb><C:/Users/ashas/AppData/Local/Programs/MiKTeX
/fonts/type1/public/amsfonts/cm/cmr12.pfb><C:/Users/ashas/AppData/Local/Program
s/MiKTeX/fonts/type1/public/amsfonts/cm/cmr17.pfb>
Output written on ZF_SWEN1.pdf (46 pages, 3484155 bytes).
PDF statistics:
 1077 PDF objects out of 1200 (max. 8388607)
 305 named destinations out of 1000 (max. 500000)
 1102 words of extra memory for PDF output out of 10000 (max. 10000000)

