\BOOKMARK [1][-]{section.1}{\376\377\000S\000o\000f\000t\000w\000a\000r\000e\000\040\000E\000n\000g\000i\000n\000e\000e\000r\000i\000n\000g}{}% 1
\BOOKMARK [1][-]{section.2}{\376\377\000P\000r\000o\000z\000e\000s\000s\000\040\000u\000n\000d\000\040\000P\000r\000o\000z\000e\000s\000s\000-\000M\000o\000d\000e\000l\000l}{}% 2
\BOOKMARK [2][-]{subsection.2.1}{\376\377\000V\000o\000r\000g\000e\000h\000e\000n\000s\000m\000o\000d\000e\000l\000l\000e}{section.2}% 3
\BOOKMARK [2][-]{subsection.2.2}{\376\377\000A\000g\000i\000l\000e\000\040\000S\000W\000E}{section.2}% 4
\BOOKMARK [1][-]{section.3}{\376\377\000M\000o\000d\000e\000l\000l\000i\000e\000r\000u\000n\000g}{}% 5
\BOOKMARK [2][-]{subsection.3.1}{\376\377\000U\000M\000L}{section.3}% 6
\BOOKMARK [3][-]{subsubsection.3.1.1}{\376\377\000G\000e\000b\000r\000a\000u\000c\000h\000\040\000d\000e\000r\000\040\000U\000M\000L}{subsection.3.1}% 7
\BOOKMARK [1][-]{section.4}{\376\377\000W\000e\000s\000e\000n\000t\000l\000i\000c\000h\000e\000\040\000A\000r\000t\000e\000f\000a\000k\000t\000e}{}% 8
\BOOKMARK [2][-]{subsection.4.1}{\376\377\000\334\000b\000e\000r\000b\000l\000i\000c\000k\000\040\000A\000n\000f\000o\000r\000d\000e\000r\000u\000n\000g\000s\000a\000n\000a\000l\000y\000s\000e}{section.4}% 9
\BOOKMARK [2][-]{subsection.4.2}{\376\377\000\334\000b\000e\000r\000b\000l\000i\000c\000k\000\040\000D\000e\000s\000i\000g\000n}{section.4}% 10
\BOOKMARK [2][-]{subsection.4.3}{\376\377\000\334\000b\000e\000r\000b\000l\000i\000c\000k\000\040\000I\000m\000p\000l\000e\000m\000e\000n\000t\000a\000t\000i\000o\000n}{section.4}% 11
\BOOKMARK [2][-]{subsection.4.4}{\376\377\000\334\000b\000e\000r\000b\000l\000i\000c\000k\000\040\000T\000e\000s\000t\000i\000n\000g}{section.4}% 12
\BOOKMARK [1][-]{section.5}{\376\377\000U\000s\000a\000b\000i\000l\000i\000t\000y\000\040\000u\000n\000d\000\040\000U\000s\000e\000r\000\040\000E\000x\000p\000e\000r\000i\000e\000n\000c\000e\000\040\000\050\000U\000X\000\051}{}% 13
\BOOKMARK [2][-]{subsection.5.1}{\376\377\000U\000s\000a\000b\000i\000l\000i\000t\000y}{section.5}% 14
\BOOKMARK [2][-]{subsection.5.2}{\376\377\000U\000s\000a\000b\000i\000l\000i\000t\000y\000\040\000E\000n\000g\000i\000n\000e\000e\000r\000i\000n\000g}{section.5}% 15
\BOOKMARK [2][-]{subsection.5.3}{\376\377\000U\000s\000a\000b\000i\000l\000i\000t\000y\000\040\000A\000n\000f\000o\000r\000d\000e\000r\000u\000n\000g\000e\000n}{section.5}% 16
\BOOKMARK [3][-]{subsubsection.5.3.1}{\376\377\000A\000u\000f\000g\000a\000b\000e\000n\000a\000n\000g\000e\000m\000e\000s\000s\000e\000n\000h\000e\000i\000t}{subsection.5.3}% 17
\BOOKMARK [3][-]{subsubsection.5.3.2}{\376\377\000S\000e\000l\000b\000s\000t\000b\000e\000s\000c\000h\000r\000e\000i\000b\000u\000n\000g\000s\000f\000\344\000h\000i\000g\000k\000e\000i\000t}{subsection.5.3}% 18
\BOOKMARK [3][-]{subsubsection.5.3.3}{\376\377\000K\000o\000n\000t\000r\000o\000l\000l\000e}{subsection.5.3}% 19
\BOOKMARK [3][-]{subsubsection.5.3.4}{\376\377\000E\000r\000w\000a\000r\000t\000u\000n\000g\000s\000k\000o\000n\000f\000o\000r\000m\000i\000t\000\344\000t}{subsection.5.3}% 20
\BOOKMARK [3][-]{subsubsection.5.3.5}{\376\377\000F\000e\000h\000l\000e\000r\000t\000o\000l\000e\000r\000a\000n\000z}{subsection.5.3}% 21
\BOOKMARK [3][-]{subsubsection.5.3.6}{\376\377\000I\000n\000d\000i\000v\000i\000d\000u\000a\000l\000i\000s\000i\000e\000r\000b\000a\000r\000k\000e\000i\000t}{subsection.5.3}% 22
\BOOKMARK [3][-]{subsubsection.5.3.7}{\376\377\000L\000e\000r\000n\000f\000\366\000r\000d\000e\000r\000l\000i\000c\000h\000k\000e\000i\000t}{subsection.5.3}% 23
\BOOKMARK [1][-]{section.6}{\376\377\000U\000s\000e\000r\000-\000C\000e\000n\000t\000e\000r\000e\000d\000\040\000D\000e\000s\000i\000g\000n\000\040\000\050\000U\000C\000D\000\051}{}% 24
\BOOKMARK [2][-]{subsection.6.1}{\376\377\000U\000s\000e\000r\000\040\000\046\000\040\000D\000o\000m\000a\000i\000n\000\040\000R\000e\000s\000e\000a\000r\000c\000h}{section.6}% 25
\BOOKMARK [3][-]{subsubsection.6.1.1}{\376\377\000G\000U\000I\000\040\000D\000e\000s\000i\000g\000n\000\040\000P\000r\000o\000c\000e\000s\000s}{subsection.6.1}% 26
\BOOKMARK [3][-]{subsubsection.6.1.2}{\376\377\000W\000i\000c\000h\000t\000i\000g\000e\000\040\000A\000r\000t\000e\000k\000f\000a\000k\000t\000e}{subsection.6.1}% 27
\BOOKMARK [2][-]{subsection.6.2}{\376\377\000A\000n\000f\000o\000r\000d\000e\000r\000u\000n\000g\000s\000a\000n\000a\000l\000y\000s\000e}{section.6}% 28
\BOOKMARK [3][-]{subsubsection.6.2.1}{\376\377\000U\000s\000e\000\040\000C\000a\000s\000e\000s}{subsection.6.2}% 29
\BOOKMARK [3][-]{subsubsection.6.2.2}{\376\377\000U\000M\000L\000\040\000S\000e\000q\000u\000e\000n\000z\000d\000i\000a\000g\000r\000a\000m\000m\000\040\000\050\000S\000S\000D\000\051}{subsection.6.2}% 30
\BOOKMARK [3][-]{subsubsection.6.2.3}{\376\377\000O\000p\000e\000r\000a\000t\000i\000o\000n\000\040\000C\000o\000n\000t\000r\000a\000c\000t}{subsection.6.2}% 31
\BOOKMARK [3][-]{subsubsection.6.2.4}{\376\377\000Z\000u\000s\000\344\000t\000z\000l\000i\000c\000h\000e\000\040\000A\000n\000f\000o\000r\000d\000e\000r\000u\000n\000g\000e\000n}{subsection.6.2}% 32
\BOOKMARK [1][-]{section.7}{\376\377\000D\000o\000m\000\344\000n\000e\000n\000m\000o\000d\000e\000l\000l\000i\000e\000r\000u\000n\000g}{}% 33
\BOOKMARK [2][-]{subsection.7.1}{\376\377\000D\000o\000m\000\344\000n\000e\000n\000m\000o\000d\000e\000l\000l\000\040\000a\000l\000s\000\040\000v\000e\000r\000e\000i\000n\000f\000a\000c\000h\000t\000e\000s\000\040\000U\000M\000L\000\040\000K\000l\000a\000s\000s\000e\000n\000d\000i\000a\000g\000r\000a\000m\000m}{section.7}% 34
\BOOKMARK [2][-]{subsection.7.2}{\376\377\000V\000o\000r\000g\000e\000h\000e\000n}{section.7}% 35
\BOOKMARK [3][-]{subsubsection.7.2.1}{\376\377\000K\000a\000t\000e\000g\000o\000r\000i\000e\000n\000l\000i\000s\000t\000e}{subsection.7.2}% 36
\BOOKMARK [2][-]{subsection.7.3}{\376\377\000D\000a\000t\000e\000n\000t\000y\000p\000e\000n\000\040\000v\000o\000n\000\040\000A\000t\000t\000r\000i\000b\000u\000t\000e\000n}{section.7}% 37
\BOOKMARK [3][-]{subsubsection.7.3.1}{\376\377\000A\000n\000t\000i\000-\000P\000a\000t\000t\000e\000r\000n}{subsection.7.3}% 38
\BOOKMARK [2][-]{subsection.7.4}{\376\377\000V\000o\000r\000g\000e\000h\000e\000n\000s\000w\000e\000i\000s\000e\000\040\000e\000i\000n\000e\000s\000\040\000K\000a\000r\000t\000o\000g\000r\000a\000f\000e\000n}{section.7}% 39
\BOOKMARK [2][-]{subsection.7.5}{\376\377\000D\000o\000m\000\344\000n\000e\000n\000m\000o\000d\000e\000l\000l\000\040\000v\000o\000l\000l\000s\000t\000\344\000n\000d\000i\000g\000\040\000B\000e\000i\000s\000p\000i\000e\000l}{section.7}% 40
\BOOKMARK [2][-]{subsection.7.6}{\376\377\000A\000n\000a\000l\000y\000s\000e\000m\000u\000s\000t\000e\000r}{section.7}% 41
